This file contains any messages produced by compilers while
running configure, to aid debugging if configure makes a mistake.

It was created by MPEG Audio Decoder configure 0.15.1b, which was
generated by GNU Autoconf 2.69.  Invocation command line was

  $ ./configure --no-create --no-recursion

## --------- ##
## Platform. ##
## --------- ##

hostname = Anime-X555BA
uname -m = x86_64
uname -r = 5.0.0-38-generic
uname -s = Linux
uname -v = #41-Ubuntu SMP Tue Dec 3 00:27:35 UTC 2019

/usr/bin/uname -p = x86_64
/bin/uname -X     = unknown

/bin/arch              = x86_64
/usr/bin/arch -k       = unknown
/usr/convex/getsysinfo = unknown
/usr/bin/hostinfo      = unknown
/bin/machine           = unknown
/usr/bin/oslevel       = unknown
/bin/universe          = unknown

PATH: /home/linuxbrew/.linuxbrew/bin
PATH: /home/linuxbrew/.linuxbrew/sbin
PATH: /home/brothercomplex/.local/bin
PATH: /home/brothercomplex/bin
PATH: /usr/local/sbin
PATH: /usr/local/bin
PATH: /usr/sbin
PATH: /usr/bin
PATH: /sbin
PATH: /bin
PATH: /usr/games
PATH: /usr/local/games
PATH: /snap/bin
PATH: ~/.local/bin


## ----------- ##
## Core tests. ##
## ----------- ##

configure:2935: checking for a BSD-compatible install
configure:3003: result: /usr/bin/install -c
configure:3014: checking whether build environment is sane
configure:3051: result: yes
configure:3105: checking for gawk
configure:3135: result: no
configure:3105: checking for mawk
configure:3121: found /usr/bin/mawk
configure:3132: result: mawk
configure:3143: checking whether make sets $(MAKE)
configure:3165: result: yes
configure:3348: checking build system type
configure:3362: result: x86_64-unknown-linux-gnu
configure:3382: checking host system type
configure:3395: result: x86_64-unknown-linux-gnu
configure:3465: checking for gcc
configure:3481: found /usr/bin/gcc
configure:3492: result: gcc
configure:3721: checking for C compiler version
configure:3730: gcc --version >&5
gcc (Ubuntu 8.3.0-6ubuntu1) 8.3.0
Copyright (C) 2018 Free Software Foundation, Inc.
This is free software; see the source for copying conditions.  There is NO
warranty; not even for MERCHANTABILITY or FITNESS FOR A PARTICULAR PURPOSE.

configure:3741: $? = 0
configure:3730: gcc -v >&5
Using built-in specs.
COLLECT_GCC=gcc
COLLECT_LTO_WRAPPER=/usr/lib/gcc/x86_64-linux-gnu/8/lto-wrapper
OFFLOAD_TARGET_NAMES=nvptx-none
OFFLOAD_TARGET_DEFAULT=1
Target: x86_64-linux-gnu
Configured with: ../src/configure -v --with-pkgversion='Ubuntu 8.3.0-6ubuntu1' --with-bugurl=file:///usr/share/doc/gcc-8/README.Bugs --enable-languages=c,ada,c++,go,brig,d,fortran,objc,obj-c++ --prefix=/usr --with-gcc-major-version-only --program-suffix=-8 --program-prefix=x86_64-linux-gnu- --enable-shared --enable-linker-build-id --libexecdir=/usr/lib --without-included-gettext --enable-threads=posix --libdir=/usr/lib --enable-nls --enable-bootstrap --enable-clocale=gnu --enable-libstdcxx-debug --enable-libstdcxx-time=yes --with-default-libstdcxx-abi=new --enable-gnu-unique-object --disable-vtable-verify --enable-libmpx --enable-plugin --enable-default-pie --with-system-zlib --with-target-system-zlib --enable-objc-gc=auto --enable-multiarch --disable-werror --with-arch-32=i686 --with-abi=m64 --with-multilib-list=m32,m64,mx32 --enable-multilib --with-tune=generic --enable-offload-targets=nvptx-none --without-cuda-driver --enable-checking=release --build=x86_64-linux-gnu --host=x86_64-linux-gnu --target=x86_64-linux-gnu
Thread model: posix
gcc version 8.3.0 (Ubuntu 8.3.0-6ubuntu1) 
configure:3741: $? = 0
configure:3730: gcc -V >&5
gcc: error: unrecognized command line option '-V'
gcc: fatal error: no input files
compilation terminated.
configure:3741: $? = 1
configure:3730: gcc -qversion >&5
gcc: error: unrecognized command line option '-qversion'; did you mean '--version'?
gcc: fatal error: no input files
compilation terminated.
configure:3741: $? = 1
configure:3761: checking whether the C compiler works
configure:3783: gcc    conftest.c  >&5
configure:3787: $? = 0
configure:3835: result: yes
configure:3838: checking for C compiler default output file name
configure:3840: result: a.out
configure:3846: checking for suffix of executables
configure:3853: gcc -o conftest    conftest.c  >&5
configure:3857: $? = 0
configure:3879: result: 
configure:3901: checking whether we are cross compiling
configure:3909: gcc -o conftest    conftest.c  >&5
configure:3913: $? = 0
configure:3920: ./conftest
configure:3924: $? = 0
configure:3912: result: no
configure:3917: checking for suffix of object files
configure:3939: gcc -c   conftest.c >&5
configure:3943: $? = 0
configure:3964: result: o
configure:3968: checking whether we are using the GNU C compiler
configure:3987: gcc -c   conftest.c >&5
configure:3987: $? = 0
configure:3996: result: yes
configure:4005: checking whether gcc accepts -g
configure:4025: gcc -c -g  conftest.c >&5
configure:4025: $? = 0
configure:4066: result: yes
configure:4083: checking for gcc option to accept ISO C89
configure:4146: gcc  -c -g -O2  conftest.c >&5
configure:4146: $? = 0
configure:4159: result: none needed
configure:4190: checking for style of include used by make
configure:4218: result: GNU
configure:4246: checking dependency style of gcc
configure:4329: result: gcc3
configure:4441: checking for a sed that does not truncate output
configure:4495: result: /usr/bin/sed
configure:4498: checking for grep that handles long lines and -e
configure:4556: result: /usr/bin/grep
configure:4561: checking for egrep
configure:4623: result: /usr/bin/grep -E
configure:4639: checking for ld used by gcc
configure:4706: result: /usr/bin/ld
configure:4713: checking if the linker (/usr/bin/ld) is GNU ld
configure:4728: result: yes
configure:4733: checking for /usr/bin/ld option to reload object files
configure:4740: result: -r
configure:4749: checking for BSD-compatible nm
configure:4791: result: /usr/bin/nm -B
configure:4795: checking whether ln -s works
configure:4799: result: yes
configure:4806: checking how to recognise dependent libraries
configure:4980: result: pass_all
configure:5065: gcc -c -g -O2  conftest.c >&5
configure:5068: $? = 0
configure:5166: checking how to run the C preprocessor
configure:5197: gcc -E  conftest.c
configure:5197: $? = 0
configure:5211: gcc -E  conftest.c
conftest.c:11:10: fatal error: ac_nonexistent.h: No such file or directory
 #include <ac_nonexistent.h>
          ^~~~~~~~~~~~~~~~~~
compilation terminated.
configure:5211: $? = 1
configure: failed program was:
| /* confdefs.h */
| #define PACKAGE_NAME "MPEG Audio Decoder"
| #define PACKAGE_TARNAME "libmad"
| #define PACKAGE_VERSION "0.15.1b"
| #define PACKAGE_STRING "MPEG Audio Decoder 0.15.1b"
| #define PACKAGE_BUGREPORT "support@underbit.com"
| #define PACKAGE_URL ""
| #define PACKAGE "libmad"
| #define VERSION "0.15.1b"
| /* end confdefs.h.  */
| #include <ac_nonexistent.h>
configure:5236: result: gcc -E
configure:5256: gcc -E  conftest.c
configure:5256: $? = 0
configure:5270: gcc -E  conftest.c
conftest.c:11:10: fatal error: ac_nonexistent.h: No such file or directory
 #include <ac_nonexistent.h>
          ^~~~~~~~~~~~~~~~~~
compilation terminated.
configure:5270: $? = 1
configure: failed program was:
| /* confdefs.h */
| #define PACKAGE_NAME "MPEG Audio Decoder"
| #define PACKAGE_TARNAME "libmad"
| #define PACKAGE_VERSION "0.15.1b"
| #define PACKAGE_STRING "MPEG Audio Decoder 0.15.1b"
| #define PACKAGE_BUGREPORT "support@underbit.com"
| #define PACKAGE_URL ""
| #define PACKAGE "libmad"
| #define VERSION "0.15.1b"
| /* end confdefs.h.  */
| #include <ac_nonexistent.h>
configure:5299: checking for ANSI C header files
configure:5319: gcc -c -g -O2  conftest.c >&5
configure:5319: $? = 0
configure:5392: gcc -o conftest -g -O2   conftest.c  >&5
configure:5392: $? = 0
configure:5392: ./conftest
configure:5392: $? = 0
configure:5403: result: yes
configure:5416: checking for sys/types.h
configure:5416: gcc -c -g -O2  conftest.c >&5
configure:5416: $? = 0
configure:5416: result: yes
configure:5416: checking for sys/stat.h
configure:5416: gcc -c -g -O2  conftest.c >&5
configure:5416: $? = 0
configure:5416: result: yes
configure:5416: checking for stdlib.h
configure:5416: gcc -c -g -O2  conftest.c >&5
configure:5416: $? = 0
configure:5416: result: yes
configure:5416: checking for string.h
configure:5416: gcc -c -g -O2  conftest.c >&5
configure:5416: $? = 0
configure:5416: result: yes
configure:5416: checking for memory.h
configure:5416: gcc -c -g -O2  conftest.c >&5
configure:5416: $? = 0
configure:5416: result: yes
configure:5416: checking for strings.h
configure:5416: gcc -c -g -O2  conftest.c >&5
configure:5416: $? = 0
configure:5416: result: yes
configure:5416: checking for inttypes.h
configure:5416: gcc -c -g -O2  conftest.c >&5
configure:5416: $? = 0
configure:5416: result: yes
configure:5416: checking for stdint.h
configure:5416: gcc -c -g -O2  conftest.c >&5
configure:5416: $? = 0
configure:5416: result: yes
configure:5416: checking for unistd.h
configure:5416: gcc -c -g -O2  conftest.c >&5
configure:5416: $? = 0
configure:5416: result: yes
configure:5430: checking dlfcn.h usability
configure:5430: gcc -c -g -O2  conftest.c >&5
configure:5430: $? = 0
configure:5430: result: yes
configure:5430: checking dlfcn.h presence
configure:5430: gcc -E  conftest.c
configure:5430: $? = 0
configure:5430: result: yes
configure:5430: checking for dlfcn.h
configure:5430: result: yes
configure:5498: checking for g++
configure:5514: found /usr/bin/g++
configure:5525: result: g++
configure:5552: checking for C++ compiler version
configure:5561: g++ --version >&5
g++ (Ubuntu 8.3.0-6ubuntu1) 8.3.0
Copyright (C) 2018 Free Software Foundation, Inc.
This is free software; see the source for copying conditions.  There is NO
warranty; not even for MERCHANTABILITY or FITNESS FOR A PARTICULAR PURPOSE.

configure:5572: $? = 0
configure:5561: g++ -v >&5
Using built-in specs.
COLLECT_GCC=g++
COLLECT_LTO_WRAPPER=/usr/lib/gcc/x86_64-linux-gnu/8/lto-wrapper
OFFLOAD_TARGET_NAMES=nvptx-none
OFFLOAD_TARGET_DEFAULT=1
Target: x86_64-linux-gnu
Configured with: ../src/configure -v --with-pkgversion='Ubuntu 8.3.0-6ubuntu1' --with-bugurl=file:///usr/share/doc/gcc-8/README.Bugs --enable-languages=c,ada,c++,go,brig,d,fortran,objc,obj-c++ --prefix=/usr --with-gcc-major-version-only --program-suffix=-8 --program-prefix=x86_64-linux-gnu- --enable-shared --enable-linker-build-id --libexecdir=/usr/lib --without-included-gettext --enable-threads=posix --libdir=/usr/lib --enable-nls --enable-bootstrap --enable-clocale=gnu --enable-libstdcxx-debug --enable-libstdcxx-time=yes --with-default-libstdcxx-abi=new --enable-gnu-unique-object --disable-vtable-verify --enable-libmpx --enable-plugin --enable-default-pie --with-system-zlib --with-target-system-zlib --enable-objc-gc=auto --enable-multiarch --disable-werror --with-arch-32=i686 --with-abi=m64 --with-multilib-list=m32,m64,mx32 --enable-multilib --with-tune=generic --enable-offload-targets=nvptx-none --without-cuda-driver --enable-checking=release --build=x86_64-linux-gnu --host=x86_64-linux-gnu --target=x86_64-linux-gnu
Thread model: posix
gcc version 8.3.0 (Ubuntu 8.3.0-6ubuntu1) 
configure:5572: $? = 0
configure:5561: g++ -V >&5
g++: error: unrecognized command line option '-V'
g++: fatal error: no input files
compilation terminated.
configure:5572: $? = 1
configure:5561: g++ -qversion >&5
g++: error: unrecognized command line option '-qversion'; did you mean '--version'?
g++: fatal error: no input files
compilation terminated.
configure:5572: $? = 1
configure:5576: checking whether we are using the GNU C++ compiler
configure:5595: g++ -c   conftest.cpp >&5
configure:5595: $? = 0
configure:5604: result: yes
configure:5613: checking whether g++ accepts -g
configure:5633: g++ -c -g  conftest.cpp >&5
configure:5633: $? = 0
configure:5674: result: yes
configure:5699: checking dependency style of g++
configure:5782: result: gcc3
configure:5804: checking how to run the C++ preprocessor
configure:5831: g++ -E  conftest.cpp
configure:5831: $? = 0
configure:5845: g++ -E  conftest.cpp
conftest.cpp:22:10: fatal error: ac_nonexistent.h: No such file or directory
 #include <ac_nonexistent.h>
          ^~~~~~~~~~~~~~~~~~
compilation terminated.
configure:5845: $? = 1
configure: failed program was:
| /* confdefs.h */
| #define PACKAGE_NAME "MPEG Audio Decoder"
| #define PACKAGE_TARNAME "libmad"
| #define PACKAGE_VERSION "0.15.1b"
| #define PACKAGE_STRING "MPEG Audio Decoder 0.15.1b"
| #define PACKAGE_BUGREPORT "support@underbit.com"
| #define PACKAGE_URL ""
| #define PACKAGE "libmad"
| #define VERSION "0.15.1b"
| #define STDC_HEADERS 1
| #define HAVE_SYS_TYPES_H 1
| #define HAVE_SYS_STAT_H 1
| #define HAVE_STDLIB_H 1
| #define HAVE_STRING_H 1
| #define HAVE_MEMORY_H 1
| #define HAVE_STRINGS_H 1
| #define HAVE_INTTYPES_H 1
| #define HAVE_STDINT_H 1
| #define HAVE_UNISTD_H 1
| #define HAVE_DLFCN_H 1
| /* end confdefs.h.  */
| #include <ac_nonexistent.h>
configure:5870: result: g++ -E
configure:5890: g++ -E  conftest.cpp
configure:5890: $? = 0
configure:5904: g++ -E  conftest.cpp
conftest.cpp:22:10: fatal error: ac_nonexistent.h: No such file or directory
 #include <ac_nonexistent.h>
          ^~~~~~~~~~~~~~~~~~
compilation terminated.
configure:5904: $? = 1
configure: failed program was:
| /* confdefs.h */
| #define PACKAGE_NAME "MPEG Audio Decoder"
| #define PACKAGE_TARNAME "libmad"
| #define PACKAGE_VERSION "0.15.1b"
| #define PACKAGE_STRING "MPEG Audio Decoder 0.15.1b"
| #define PACKAGE_BUGREPORT "support@underbit.com"
| #define PACKAGE_URL ""
| #define PACKAGE "libmad"
| #define VERSION "0.15.1b"
| #define STDC_HEADERS 1
| #define HAVE_SYS_TYPES_H 1
| #define HAVE_SYS_STAT_H 1
| #define HAVE_STDLIB_H 1
| #define HAVE_STRING_H 1
| #define HAVE_MEMORY_H 1
| #define HAVE_STRINGS_H 1
| #define HAVE_INTTYPES_H 1
| #define HAVE_STDINT_H 1
| #define HAVE_UNISTD_H 1
| #define HAVE_DLFCN_H 1
| /* end confdefs.h.  */
| #include <ac_nonexistent.h>
configure:5986: checking for g77
configure:6016: result: no
configure:5986: checking for xlf
configure:6016: result: no
configure:5986: checking for f77
configure:6002: found /usr/bin/f77
configure:6013: result: f77
configure:6039: checking for Fortran 77 compiler version
configure:6048: f77 --version >&5
GNU Fortran (Ubuntu 8.3.0-6ubuntu1) 8.3.0
Copyright (C) 2018 Free Software Foundation, Inc.
This is free software; see the source for copying conditions.  There is NO
warranty; not even for MERCHANTABILITY or FITNESS FOR A PARTICULAR PURPOSE.

configure:6059: $? = 0
configure:6048: f77 -v >&5
Using built-in specs.
COLLECT_GCC=f77
COLLECT_LTO_WRAPPER=/usr/lib/gcc/x86_64-linux-gnu/8/lto-wrapper
OFFLOAD_TARGET_NAMES=nvptx-none
OFFLOAD_TARGET_DEFAULT=1
Target: x86_64-linux-gnu
Configured with: ../src/configure -v --with-pkgversion='Ubuntu 8.3.0-6ubuntu1' --with-bugurl=file:///usr/share/doc/gcc-8/README.Bugs --enable-languages=c,ada,c++,go,brig,d,fortran,objc,obj-c++ --prefix=/usr --with-gcc-major-version-only --program-suffix=-8 --program-prefix=x86_64-linux-gnu- --enable-shared --enable-linker-build-id --libexecdir=/usr/lib --without-included-gettext --enable-threads=posix --libdir=/usr/lib --enable-nls --enable-bootstrap --enable-clocale=gnu --enable-libstdcxx-debug --enable-libstdcxx-time=yes --with-default-libstdcxx-abi=new --enable-gnu-unique-object --disable-vtable-verify --enable-libmpx --enable-plugin --enable-default-pie --with-system-zlib --with-target-system-zlib --enable-objc-gc=auto --enable-multiarch --disable-werror --with-arch-32=i686 --with-abi=m64 --with-multilib-list=m32,m64,mx32 --enable-multilib --with-tune=generic --enable-offload-targets=nvptx-none --without-cuda-driver --enable-checking=release --build=x86_64-linux-gnu --host=x86_64-linux-gnu --target=x86_64-linux-gnu
Thread model: posix
gcc version 8.3.0 (Ubuntu 8.3.0-6ubuntu1) 
configure:6059: $? = 0
configure:6048: f77 -V >&5
f77: error: unrecognized command line option '-V'
f77: fatal error: no input files
compilation terminated.
configure:6059: $? = 1
configure:6048: f77 -qversion >&5
f77: error: unrecognized command line option '-qversion'; did you mean '--version'?
f77: fatal error: no input files
compilation terminated.
configure:6059: $? = 1
configure:6068: checking whether we are using the GNU Fortran 77 compiler
configure:6081: f77 -c  conftest.F >&5
configure:6081: $? = 0
configure:6090: result: yes
configure:6096: checking whether f77 accepts -g
configure:6107: f77 -c -g conftest.f >&5
configure:6107: $? = 0
configure:6115: result: yes
configure:6149: checking the maximum length of command line arguments
configure:6214: result: 32768
configure:6225: checking command to parse /usr/bin/nm -B output from gcc object
configure:6314: gcc -c -g -O2  conftest.c >&5
configure:6317: $? = 0
configure:6321: /usr/bin/nm -B conftest.o \| sed -n -e 's/^.*[ 	]\([ABCDGIRSTW][ABCDGIRSTW]*\)[ 	][ 	]*\(\)\([_A-Za-z][_A-Za-z0-9]*\)$/\1 \2\3 \3/p' \> conftest.nm
configure:6324: $? = 0
configure:6376: gcc -o conftest -g -O2   conftest.c conftstm.o >&5
configure:6379: $? = 0
configure:6417: result: ok
configure:6421: checking for objdir
configure:6436: result: .libs
configure:6528: checking for ar
configure:6544: found /usr/bin/ar
configure:6555: result: ar
configure:6620: checking for ranlib
configure:6636: found /usr/bin/ranlib
configure:6647: result: ranlib
configure:6712: checking for strip
configure:6728: found /usr/bin/strip
configure:6739: result: strip
configure:7011: checking if gcc static flag  works
configure:7034: result: yes
configure:7052: checking if gcc supports -fno-rtti -fno-exceptions
configure:7101: gcc -c -g -O2  -fno-rtti -fno-exceptions conftest.c >&5
cc1: warning: command line option '-fno-rtti' is valid for C++/ObjC++ but not for C
configure:7105: $? = 0
configure:7085: result: no
configure:7077: checking for gcc option to produce PIC
configure:7254: result: -fPIC
configure:7262: checking if gcc PIC flag -fPIC works
configure:7334: gcc -c -g -O2  -fPIC -DPIC conftest.c >&5
configure:7338: $? = 0
configure:7295: result: yes
configure:7292: checking if gcc supports -c -o file.o
configure:7394: gcc -c -g -O2  -o out/conftest2.o conftest.c >&5
configure:7398: $? = 0
configure:7315: result: yes
configure:7341: checking whether the gcc linker (/usr/bin/ld -m elf_x86_64) supports shared libraries
configure:8131: result: yes
configure:8157: checking whether -lc should be explicitly linked in
configure:8162: gcc -c -g -O2  conftest.c >&5
configure:8165: $? = 0
configure:8179: gcc -shared conftest.o  -v -Wl,-soname -Wl,conftest -o conftest 2\>\&1 \| grep  -lc  \>/dev/null 2\>\&1
configure:8182: $? = 0
configure:8194: result: no
configure:8202: checking dynamic linker characteristics
configure:8742: result: GNU/Linux ld.so
configure:8746: checking how to hardcode library paths into programs
configure:8771: result: immediate
configure:8785: checking whether stripping libraries is possible
configure:8790: result: yes
configure:9302: checking if libtool supports shared libraries
configure:9304: result: yes
configure:9307: checking whether to build shared libraries
configure:9365: result: yes
configure:9368: checking whether to build static libraries
configure:9372: result: yes
configure:9464: creating libtool
configure:10007: checking for ld used by g++
configure:10074: result: /usr/bin/ld -m elf_x86_64
configure:10081: checking if the linker (/usr/bin/ld -m elf_x86_64) is GNU ld
configure:10096: result: yes
configure:10147: checking whether the g++ linker (/usr/bin/ld -m elf_x86_64) supports shared libraries
configure:10917: result: yes
configure:10935: g++ -c -g -O2  conftest.cc >&5
configure:10938: $? = 0
configure:11034: checking for g++ option to produce PIC
configure:11286: result: -fPIC
configure:11294: checking if g++ PIC flag -fPIC works
configure:11415: g++ -c -g -O2  -fPIC -DPIC conftest.cc >&5
configure:11419: $? = 0
configure:11327: result: yes
configure:11351: checking if g++ supports -c -o file.o
configure:11475: g++ -c -g -O2  -o out/conftest2.o conftest.cc >&5
configure:11479: $? = 0
configure:11396: result: yes
configure:11422: checking whether the g++ linker (/usr/bin/ld -m elf_x86_64) supports shared libraries
configure:11447: result: yes
configure:11518: checking dynamic linker characteristics
configure:12058: result: GNU/Linux ld.so
configure:12062: checking how to hardcode library paths into programs
configure:12087: result: immediate
configure:12101: checking whether stripping libraries is possible
configure:12106: result: yes
configure:13095: checking if libtool supports shared libraries
configure:13097: result: yes
configure:13100: checking whether to build shared libraries
configure:13118: result: yes
configure:13121: checking whether to build static libraries
configure:13125: result: yes
configure:13137: checking for f77 option to produce PIC
configure:13314: result: -fPIC
configure:13322: checking if f77 PIC flag -fPIC works
configure:13443: f77 -c -g -O2 -fPIC conftest.f >&5
configure:13447: $? = 0
configure:13355: result: yes
configure:13379: checking if f77 supports -c -o file.o
configure:13503: f77 -c -g -O2 -o out/conftest2.o conftest.f >&5
configure:13507: $? = 0
configure:13424: result: yes
configure:13450: checking whether the f77 linker (/usr/bin/ld -m elf_x86_64) supports shared libraries
configure:14228: result: yes
configure:14299: checking dynamic linker characteristics
configure:14839: result: GNU/Linux ld.so
configure:14843: checking how to hardcode library paths into programs
configure:14868: result: immediate
configure:14882: checking whether stripping libraries is possible
configure:14887: result: yes
configure:18668: checking for ANSI C header files
configure:18772: result: yes
configure:18780: checking for sys/wait.h that is POSIX.1 compatible
configure:18806: gcc -c -Wall  conftest.c >&5
configure:18806: $? = 0
configure:18813: result: yes
configure:18824: checking assert.h usability
configure:18824: gcc -c -Wall  conftest.c >&5
configure:18824: $? = 0
configure:18824: result: yes
configure:18824: checking assert.h presence
configure:18824: gcc -E  conftest.c
configure:18824: $? = 0
configure:18824: result: yes
configure:18824: checking for assert.h
configure:18824: result: yes
configure:18824: checking limits.h usability
configure:18824: gcc -c -Wall  conftest.c >&5
configure:18824: $? = 0
configure:18824: result: yes
configure:18824: checking limits.h presence
configure:18824: gcc -E  conftest.c
configure:18824: $? = 0
configure:18824: result: yes
configure:18824: checking for limits.h
configure:18824: result: yes
configure:18824: checking for unistd.h
configure:18824: result: yes
configure:18824: checking for sys/types.h
configure:18824: result: yes
configure:18824: checking fcntl.h usability
configure:18824: gcc -c -Wall  conftest.c >&5
configure:18824: $? = 0
configure:18824: result: yes
configure:18824: checking fcntl.h presence
configure:18824: gcc -E  conftest.c
configure:18824: $? = 0
configure:18824: result: yes
configure:18824: checking for fcntl.h
configure:18824: result: yes
configure:18824: checking errno.h usability
configure:18824: gcc -c -Wall  conftest.c >&5
configure:18824: $? = 0
configure:18824: result: yes
configure:18824: checking errno.h presence
configure:18824: gcc -E  conftest.c
configure:18824: $? = 0
configure:18824: result: yes
configure:18824: checking for errno.h
configure:18824: result: yes
configure:18836: checking for an ANSI C-conforming const
configure:18902: gcc -c -Wall  conftest.c >&5
configure:18902: $? = 0
configure:18909: result: yes
configure:18917: checking for inline
configure:18933: gcc -c -Wall  conftest.c >&5
configure:18933: $? = 0
configure:18941: result: inline
configure:18959: checking whether byte ordering is bigendian
configure:18974: gcc -c -Wall  conftest.c >&5
conftest.c:31:9: error: unknown type name 'not'
         not a universal capable compiler
         ^~~
conftest.c:31:15: error: expected '=', ',', ';', 'asm' or '__attribute__' before 'universal'
         not a universal capable compiler
               ^~~~~~~~~
conftest.c:31:15: error: unknown type name 'universal'
configure:18974: $? = 1
configure: failed program was:
| /* confdefs.h */
| #define PACKAGE_NAME "MPEG Audio Decoder"
| #define PACKAGE_TARNAME "libmad"
| #define PACKAGE_VERSION "0.15.1b"
| #define PACKAGE_STRING "MPEG Audio Decoder 0.15.1b"
| #define PACKAGE_BUGREPORT "support@underbit.com"
| #define PACKAGE_URL ""
| #define PACKAGE "libmad"
| #define VERSION "0.15.1b"
| #define STDC_HEADERS 1
| #define HAVE_SYS_TYPES_H 1
| #define HAVE_SYS_STAT_H 1
| #define HAVE_STDLIB_H 1
| #define HAVE_STRING_H 1
| #define HAVE_MEMORY_H 1
| #define HAVE_STRINGS_H 1
| #define HAVE_INTTYPES_H 1
| #define HAVE_STDINT_H 1
| #define HAVE_UNISTD_H 1
| #define HAVE_DLFCN_H 1
| #define STDC_HEADERS 1
| #define HAVE_SYS_WAIT_H 1
| #define HAVE_ASSERT_H 1
| #define HAVE_LIMITS_H 1
| #define HAVE_UNISTD_H 1
| #define HAVE_SYS_TYPES_H 1
| #define HAVE_FCNTL_H 1
| #define HAVE_ERRNO_H 1
| /* end confdefs.h.  */
| #ifndef __APPLE_CC__
| 	       not a universal capable compiler
| 	     #endif
| 	     typedef int dummy;
| 
configure:19019: gcc -c -Wall  conftest.c >&5
configure:19019: $? = 0
configure:19037: gcc -c -Wall  conftest.c >&5
conftest.c: In function 'main':
conftest.c:37:4: error: unknown type name 'not'; did you mean 'ino_t'?
    not big endian
    ^~~
    ino_t
conftest.c:37:12: error: expected '=', ',', ';', 'asm' or '__attribute__' before 'endian'
    not big endian
            ^~~~~~
configure:19037: $? = 1
configure: failed program was:
| /* confdefs.h */
| #define PACKAGE_NAME "MPEG Audio Decoder"
| #define PACKAGE_TARNAME "libmad"
| #define PACKAGE_VERSION "0.15.1b"
| #define PACKAGE_STRING "MPEG Audio Decoder 0.15.1b"
| #define PACKAGE_BUGREPORT "support@underbit.com"
| #define PACKAGE_URL ""
| #define PACKAGE "libmad"
| #define VERSION "0.15.1b"
| #define STDC_HEADERS 1
| #define HAVE_SYS_TYPES_H 1
| #define HAVE_SYS_STAT_H 1
| #define HAVE_STDLIB_H 1
| #define HAVE_STRING_H 1
| #define HAVE_MEMORY_H 1
| #define HAVE_STRINGS_H 1
| #define HAVE_INTTYPES_H 1
| #define HAVE_STDINT_H 1
| #define HAVE_UNISTD_H 1
| #define HAVE_DLFCN_H 1
| #define STDC_HEADERS 1
| #define HAVE_SYS_WAIT_H 1
| #define HAVE_ASSERT_H 1
| #define HAVE_LIMITS_H 1
| #define HAVE_UNISTD_H 1
| #define HAVE_SYS_TYPES_H 1
| #define HAVE_FCNTL_H 1
| #define HAVE_ERRNO_H 1
| /* end confdefs.h.  */
| #include <sys/types.h>
| 		#include <sys/param.h>
| 
| int
| main ()
| {
| #if BYTE_ORDER != BIG_ENDIAN
| 		 not big endian
| 		#endif
| 
|   ;
|   return 0;
| }
configure:19165: result: no
configure:19183: checking for pid_t
configure:19183: gcc -c -Wall  conftest.c >&5
configure:19183: $? = 0
configure:19183: gcc -c -Wall  conftest.c >&5
conftest.c: In function 'main':
conftest.c:66:20: error: expected expression before ')' token
 if (sizeof ((pid_t)))
                    ^
configure:19183: $? = 1
configure: failed program was:
| /* confdefs.h */
| #define PACKAGE_NAME "MPEG Audio Decoder"
| #define PACKAGE_TARNAME "libmad"
| #define PACKAGE_VERSION "0.15.1b"
| #define PACKAGE_STRING "MPEG Audio Decoder 0.15.1b"
| #define PACKAGE_BUGREPORT "support@underbit.com"
| #define PACKAGE_URL ""
| #define PACKAGE "libmad"
| #define VERSION "0.15.1b"
| #define STDC_HEADERS 1
| #define HAVE_SYS_TYPES_H 1
| #define HAVE_SYS_STAT_H 1
| #define HAVE_STDLIB_H 1
| #define HAVE_STRING_H 1
| #define HAVE_MEMORY_H 1
| #define HAVE_STRINGS_H 1
| #define HAVE_INTTYPES_H 1
| #define HAVE_STDINT_H 1
| #define HAVE_UNISTD_H 1
| #define HAVE_DLFCN_H 1
| #define STDC_HEADERS 1
| #define HAVE_SYS_WAIT_H 1
| #define HAVE_ASSERT_H 1
| #define HAVE_LIMITS_H 1
| #define HAVE_UNISTD_H 1
| #define HAVE_SYS_TYPES_H 1
| #define HAVE_FCNTL_H 1
| #define HAVE_ERRNO_H 1
| /* end confdefs.h.  */
| #include <stdio.h>
| #ifdef HAVE_SYS_TYPES_H
| # include <sys/types.h>
| #endif
| #ifdef HAVE_SYS_STAT_H
| # include <sys/stat.h>
| #endif
| #ifdef STDC_HEADERS
| # include <stdlib.h>
| # include <stddef.h>
| #else
| # ifdef HAVE_STDLIB_H
| #  include <stdlib.h>
| # endif
| #endif
| #ifdef HAVE_STRING_H
| # if !defined STDC_HEADERS && defined HAVE_MEMORY_H
| #  include <memory.h>
| # endif
| # include <string.h>
| #endif
| #ifdef HAVE_STRINGS_H
| # include <strings.h>
| #endif
| #ifdef HAVE_INTTYPES_H
| # include <inttypes.h>
| #endif
| #ifdef HAVE_STDINT_H
| # include <stdint.h>
| #endif
| #ifdef HAVE_UNISTD_H
| # include <unistd.h>
| #endif
| int
| main ()
| {
| if (sizeof ((pid_t)))
| 	    return 0;
|   ;
|   return 0;
| }
configure:19183: result: yes
configure:19199: checking size of int
configure:19204: gcc -o conftest -Wall   conftest.c  >&5
configure:19204: $? = 0
configure:19204: ./conftest
configure:19204: $? = 0
configure:19218: result: 4
configure:19232: checking size of long
configure:19237: gcc -o conftest -Wall   conftest.c  >&5
configure:19237: $? = 0
configure:19237: ./conftest
configure:19237: $? = 0
configure:19251: result: 8
configure:19265: checking size of long long
configure:19270: gcc -o conftest -Wall   conftest.c  >&5
configure:19270: $? = 0
configure:19270: ./conftest
configure:19270: $? = 0
configure:19284: result: 8
configure:19299: checking for waitpid
configure:19299: gcc -o conftest -Wall   conftest.c  >&5
configure:19299: $? = 0
configure:19299: result: yes
configure:19299: checking for fcntl
configure:19299: gcc -o conftest -Wall   conftest.c  >&5
configure:19299: $? = 0
configure:19299: result: yes
configure:19299: checking for pipe
configure:19299: gcc -o conftest -Wall   conftest.c  >&5
configure:19299: $? = 0
configure:19299: result: yes
configure:19299: checking for fork
configure:19299: gcc -o conftest -Wall   conftest.c  >&5
conftest.c:59:6: warning: conflicting types for built-in function 'fork' [-Wbuiltin-declaration-mismatch]
 char fork ();
      ^~~~
configure:19299: $? = 0
configure:19299: result: yes
configure:19393: checking whether to optimize for speed or for accuracy
configure:19431: result: default
configure:19439: checking for architecture-specific fixed-point math routines
configure:19477: result: 64BIT
configure:19531: checking for ISO/IEC interpretation
configure:19547: result: best accepted practices
configure:19550: checking whether to enable profiling
configure:19561: result: no
configure:19564: checking whether to enable debugging
configure:19595: result: default
configure:19598: checking whether to enable experimental code
configure:19613: result: no
configure:19744: creating ./config.status

## ---------------- ##
## Cache variables. ##
## ---------------- ##

ac_cv_build=x86_64-unknown-linux-gnu
ac_cv_c_bigendian=no
ac_cv_c_compiler_gnu=yes
ac_cv_c_const=yes
ac_cv_c_inline=inline
ac_cv_cxx_compiler_gnu=yes
ac_cv_env_CCASFLAGS_set=
ac_cv_env_CCASFLAGS_value=
ac_cv_env_CCAS_set=
ac_cv_env_CCAS_value=
ac_cv_env_CCC_set=
ac_cv_env_CCC_value=
ac_cv_env_CC_set=
ac_cv_env_CC_value=
ac_cv_env_CFLAGS_set=
ac_cv_env_CFLAGS_value=
ac_cv_env_CPPFLAGS_set=
ac_cv_env_CPPFLAGS_value=
ac_cv_env_CPP_set=
ac_cv_env_CPP_value=
ac_cv_env_CXXCPP_set=
ac_cv_env_CXXCPP_value=
ac_cv_env_CXXFLAGS_set=
ac_cv_env_CXXFLAGS_value=
ac_cv_env_CXX_set=
ac_cv_env_CXX_value=
ac_cv_env_F77_set=
ac_cv_env_F77_value=
ac_cv_env_FFLAGS_set=
ac_cv_env_FFLAGS_value=
ac_cv_env_LDFLAGS_set=
ac_cv_env_LDFLAGS_value=
ac_cv_env_LIBS_set=
ac_cv_env_LIBS_value=
ac_cv_env_build_alias_set=
ac_cv_env_build_alias_value=
ac_cv_env_host_alias_set=
ac_cv_env_host_alias_value=
ac_cv_env_target_alias_set=
ac_cv_env_target_alias_value=
ac_cv_f77_compiler_gnu=yes
ac_cv_func_fcntl=yes
ac_cv_func_fork=yes
ac_cv_func_pipe=yes
ac_cv_func_waitpid=yes
ac_cv_header_assert_h=yes
ac_cv_header_dlfcn_h=yes
ac_cv_header_errno_h=yes
ac_cv_header_fcntl_h=yes
ac_cv_header_inttypes_h=yes
ac_cv_header_limits_h=yes
ac_cv_header_memory_h=yes
ac_cv_header_stdc=yes
ac_cv_header_stdint_h=yes
ac_cv_header_stdlib_h=yes
ac_cv_header_string_h=yes
ac_cv_header_strings_h=yes
ac_cv_header_sys_stat_h=yes
ac_cv_header_sys_types_h=yes
ac_cv_header_sys_wait_h=yes
ac_cv_header_unistd_h=yes
ac_cv_host=x86_64-unknown-linux-gnu
ac_cv_objext=o
ac_cv_path_EGREP='/usr/bin/grep -E'
ac_cv_path_GREP=/usr/bin/grep
ac_cv_path_install='/usr/bin/install -c'
ac_cv_prog_AWK=mawk
ac_cv_prog_CPP='gcc -E'
ac_cv_prog_CXXCPP='g++ -E'
ac_cv_prog_ac_ct_AR=ar
ac_cv_prog_ac_ct_CC=gcc
ac_cv_prog_ac_ct_CXX=g++
ac_cv_prog_ac_ct_F77=f77
ac_cv_prog_ac_ct_RANLIB=ranlib
ac_cv_prog_ac_ct_STRIP=strip
ac_cv_prog_cc_c89=
ac_cv_prog_cc_g=yes
ac_cv_prog_cxx_g=yes
ac_cv_prog_f77_g=yes
ac_cv_prog_make_make_set=yes
ac_cv_sizeof_int=4
ac_cv_sizeof_long=8
ac_cv_sizeof_long_long=8
ac_cv_type_pid_t=yes
am_cv_CC_dependencies_compiler_type=gcc3
am_cv_CXX_dependencies_compiler_type=gcc3
lt_cv_deplibs_check_method=pass_all
lt_cv_file_magic_cmd='$MAGIC_CMD'
lt_cv_file_magic_test_file=
lt_cv_ld_reload_flag=-r
lt_cv_objdir=.libs
lt_cv_path_LD=/usr/bin/ld
lt_cv_path_LDCXX='/usr/bin/ld -m elf_x86_64'
lt_cv_path_NM='/usr/bin/nm -B'
lt_cv_path_SED=/usr/bin/sed
lt_cv_prog_compiler_c_o=yes
lt_cv_prog_compiler_c_o_CXX=yes
lt_cv_prog_compiler_c_o_F77=yes
lt_cv_prog_compiler_rtti_exceptions=no
lt_cv_prog_gnu_ld=yes
lt_cv_prog_gnu_ldcxx=yes
lt_cv_sys_global_symbol_pipe='sed -n -e '\''s/^.*[ 	]\([ABCDGIRSTW][ABCDGIRSTW]*\)[ 	][ 	]*\(\)\([_A-Za-z][_A-Za-z0-9]*\)$/\1 \2\3 \3/p'\'''
lt_cv_sys_global_symbol_to_c_name_address='sed -n -e '\''s/^: \([^ ]*\) $/  {\"\1\", (lt_ptr) 0},/p'\'' -e '\''s/^[BCDEGRST] \([^ ]*\) \([^ ]*\)$/  {"\2", (lt_ptr) \&\2},/p'\'''
lt_cv_sys_global_symbol_to_cdecl='sed -n -e '\''s/^. .* \(.*\)$/extern int \1;/p'\'''
lt_cv_sys_max_cmd_len=32768
lt_lt_cv_prog_compiler_c_o='"yes"'
lt_lt_cv_prog_compiler_c_o_CXX='"yes"'
lt_lt_cv_prog_compiler_c_o_F77='"yes"'
lt_lt_cv_sys_global_symbol_pipe='"sed -n -e '\''s/^.*[ 	]\\([ABCDGIRSTW][ABCDGIRSTW]*\\)[ 	][ 	]*\\(\\)\\([_A-Za-z][_A-Za-z0-9]*\\)\$/\\1 \\2\\3 \\3/p'\''"'
lt_lt_cv_sys_global_symbol_to_c_name_address='"sed -n -e '\''s/^: \\([^ ]*\\) \$/  {\\\"\\1\\\", (lt_ptr) 0},/p'\'' -e '\''s/^[BCDEGRST] \\([^ ]*\\) \\([^ ]*\\)\$/  {\"\\2\", (lt_ptr) \\&\\2},/p'\''"'
lt_lt_cv_sys_global_symbol_to_cdecl='"sed -n -e '\''s/^. .* \\(.*\\)\$/extern int \\1;/p'\''"'

## ----------------- ##
## Output variables. ##
## ----------------- ##

ACLOCAL='${SHELL} /home/brothercomplex/AndroidStudioProjects/CCodeTesting/app/src/main/cpp/libwaveform/audiowaveform/src/dependencies/libmad-0.15.1b/missing --run aclocal-1.8'
AMDEPBACKSLASH='\'
AMDEP_FALSE='#'
AMDEP_TRUE=''
AMTAR='${SHELL} /home/brothercomplex/AndroidStudioProjects/CCodeTesting/app/src/main/cpp/libwaveform/audiowaveform/src/dependencies/libmad-0.15.1b/missing --run tar'
AR='ar'
ASO=''
ASO_OBJS=''
AUTOCONF='${SHELL} /home/brothercomplex/AndroidStudioProjects/CCodeTesting/app/src/main/cpp/libwaveform/audiowaveform/src/dependencies/libmad-0.15.1b/missing --run autoconf'
AUTOHEADER='${SHELL} /home/brothercomplex/AndroidStudioProjects/CCodeTesting/app/src/main/cpp/libwaveform/audiowaveform/src/dependencies/libmad-0.15.1b/missing --run autoheader'
AUTOMAKE='${SHELL} /home/brothercomplex/AndroidStudioProjects/CCodeTesting/app/src/main/cpp/libwaveform/audiowaveform/src/dependencies/libmad-0.15.1b/missing --run automake-1.8'
AWK='mawk'
CC='gcc'
CCAS='gcc'
CCASFLAGS='-g -O2'
CCDEPMODE='depmode=gcc3'
CFLAGS='-Wall -g -O2'
CPP='gcc -E'
CPPFLAGS=''
CXX='g++'
CXXCPP='g++ -E'
CXXDEPMODE='depmode=gcc3'
CXXFLAGS='-g -O2'
CYGPATH_W='echo'
DEFS='-DHAVE_CONFIG_H'
DEPDIR='.deps'
ECHO='echo'
ECHO_C=''
ECHO_N='-n'
ECHO_T=''
EGREP='/usr/bin/grep -E'
EXEEXT=''
F77='f77'
FFLAGS='-g -O2'
FPM='-DFPM_64BIT'
GREP='/usr/bin/grep'
INSTALL_DATA='${INSTALL} -m 644'
INSTALL_PROGRAM='${INSTALL}'
INSTALL_SCRIPT='${INSTALL}'
INSTALL_STRIP_PROGRAM='${SHELL} $(install_sh) -c -s'
LDFLAGS=''
LIBOBJS=''
LIBS=''
LIBTOOL='$(SHELL) $(top_builddir)/libtool'
LIBTOOL_DEPS='./ltmain.sh'
LN_S='ln -s'
LTLIBOBJS=''
MAKEINFO='${SHELL} /home/brothercomplex/AndroidStudioProjects/CCodeTesting/app/src/main/cpp/libwaveform/audiowaveform/src/dependencies/libmad-0.15.1b/missing --run makeinfo'
OBJEXT='o'
PACKAGE='libmad'
PACKAGE_BUGREPORT='support@underbit.com'
PACKAGE_NAME='MPEG Audio Decoder'
PACKAGE_STRING='MPEG Audio Decoder 0.15.1b'
PACKAGE_TARNAME='libmad'
PACKAGE_URL=''
PACKAGE_VERSION='0.15.1b'
PATH_SEPARATOR=':'
RANLIB='ranlib'
SET_MAKE=''
SHELL='/bin/sh'
STRIP='strip'
VERSION='0.15.1b'
ac_ct_CC='gcc'
ac_ct_CXX='g++'
ac_ct_F77='f77'
am__fastdepCC_FALSE='#'
am__fastdepCC_TRUE=''
am__fastdepCXX_FALSE='#'
am__fastdepCXX_TRUE=''
am__include='include'
am__leading_dot='.'
am__quote=''
bindir='${exec_prefix}/bin'
build='x86_64-unknown-linux-gnu'
build_alias=''
build_cpu='x86_64'
build_os='linux-gnu'
build_vendor='unknown'
datadir='${datarootdir}'
datarootdir='${prefix}/share'
docdir='${datarootdir}/doc/${PACKAGE_TARNAME}'
dvidir='${docdir}'
exec_prefix='${prefix}'
host='x86_64-unknown-linux-gnu'
host_alias=''
host_cpu='x86_64'
host_os='linux-gnu'
host_vendor='unknown'
htmldir='${docdir}'
includedir='${prefix}/include'
infodir='${datarootdir}/info'
install_sh='/home/brothercomplex/AndroidStudioProjects/CCodeTesting/app/src/main/cpp/libwaveform/audiowaveform/src/dependencies/libmad-0.15.1b/install-sh'
libdir='${exec_prefix}/lib'
libexecdir='${exec_prefix}/libexec'
localedir='${datarootdir}/locale'
localstatedir='${prefix}/var'
mandir='${datarootdir}/man'
mkdir_p='mkdir -p -- .'
oldincludedir='/usr/include'
pdfdir='${docdir}'
prefix='/usr/local'
program_transform_name='s,x,x,'
psdir='${docdir}'
runstatedir='${localstatedir}/run'
sbindir='${exec_prefix}/sbin'
sharedstatedir='${prefix}/com'
sysconfdir='${prefix}/etc'
target_alias=''

## ----------- ##
## confdefs.h. ##
## ----------- ##

/* confdefs.h */
#define PACKAGE_NAME "MPEG Audio Decoder"
#define PACKAGE_TARNAME "libmad"
#define PACKAGE_VERSION "0.15.1b"
#define PACKAGE_STRING "MPEG Audio Decoder 0.15.1b"
#define PACKAGE_BUGREPORT "support@underbit.com"
#define PACKAGE_URL ""
#define PACKAGE "libmad"
#define VERSION "0.15.1b"
#define STDC_HEADERS 1
#define HAVE_SYS_TYPES_H 1
#define HAVE_SYS_STAT_H 1
#define HAVE_STDLIB_H 1
#define HAVE_STRING_H 1
#define HAVE_MEMORY_H 1
#define HAVE_STRINGS_H 1
#define HAVE_INTTYPES_H 1
#define HAVE_STDINT_H 1
#define HAVE_UNISTD_H 1
#define HAVE_DLFCN_H 1
#define STDC_HEADERS 1
#define HAVE_SYS_WAIT_H 1
#define HAVE_ASSERT_H 1
#define HAVE_LIMITS_H 1
#define HAVE_UNISTD_H 1
#define HAVE_SYS_TYPES_H 1
#define HAVE_FCNTL_H 1
#define HAVE_ERRNO_H 1
#define SIZEOF_INT 4
#define SIZEOF_LONG 8
#define SIZEOF_LONG_LONG 8
#define HAVE_WAITPID 1
#define HAVE_FCNTL 1
#define HAVE_PIPE 1
#define HAVE_FORK 1

configure: exit 0

## ---------------------- ##
## Running config.status. ##
## ---------------------- ##

This file was extended by MPEG Audio Decoder config.status 0.15.1b, which was
generated by GNU Autoconf 2.69.  Invocation command line was

  CONFIG_FILES    = 
  CONFIG_HEADERS  = 
  CONFIG_LINKS    = 
  CONFIG_COMMANDS = 
  $ ./config.status 

on Anime-X555BA

config.status:890: creating Makefile
config.status:993: WARNING:  'Makefile.in' seems to ignore the --datarootdir setting
config.status:890: creating msvc++/Makefile
config.status:993: WARNING:  'msvc++/Makefile.in' seems to ignore the --datarootdir setting
config.status:890: creating libmad.list
config.status:890: creating config.h
config.status:1112: executing depfiles commands

## ---------------------- ##
## Running config.status. ##
## ---------------------- ##

This file was extended by MPEG Audio Decoder config.status 0.15.1b, which was
generated by GNU Autoconf 2.69.  Invocation command line was

  CONFIG_FILES    = 
  CONFIG_HEADERS  = 
  CONFIG_LINKS    = 
  CONFIG_COMMANDS = 
  $ ./config.status config.h

on Anime-X555BA

config.status:: creating config.h
