Determining if the pthread_create exist failed with the following output:
Change Dir: /home/brothercomplex/AndroidStudioProjects/CCodeTesting/app/src/main/cpp/libwaveform/debug_BUILD/CMakeFiles/CMakeTmp

Run Build Command:"/usr/bin/gmake" "cmTC_2d74d/fast"
gmake[1]: Entering directory '/home/brothercomplex/AndroidStudioProjects/CCodeTesting/app/src/main/cpp/libwaveform/debug_BUILD/CMakeFiles/CMakeTmp'
/usr/bin/gmake -f CMakeFiles/cmTC_2d74d.dir/build.make CMakeFiles/cmTC_2d74d.dir/build
gmake[2]: Entering directory '/home/brothercomplex/AndroidStudioProjects/CCodeTesting/app/src/main/cpp/libwaveform/debug_BUILD/CMakeFiles/CMakeTmp'
Building C object CMakeFiles/cmTC_2d74d.dir/CheckSymbolExists.c.o
/usr/bin/cc    -o CMakeFiles/cmTC_2d74d.dir/CheckSymbolExists.c.o   -c /home/brothercomplex/AndroidStudioProjects/CCodeTesting/app/src/main/cpp/libwaveform/debug_BUILD/CMakeFiles/CMakeTmp/CheckSymbolExists.c
Linking C executable cmTC_2d74d
/usr/bin/cmake -E cmake_link_script CMakeFiles/cmTC_2d74d.dir/link.txt --verbose=1
/usr/bin/cc      -rdynamic CMakeFiles/cmTC_2d74d.dir/CheckSymbolExists.c.o  -o cmTC_2d74d 
/usr/bin/ld: CMakeFiles/cmTC_2d74d.dir/CheckSymbolExists.c.o: in function `main':
CheckSymbolExists.c:(.text+0x1b): undefined reference to `pthread_create'
collect2: error: ld returned 1 exit status
gmake[2]: *** [CMakeFiles/cmTC_2d74d.dir/build.make:87: cmTC_2d74d] Error 1
gmake[2]: Leaving directory '/home/brothercomplex/AndroidStudioProjects/CCodeTesting/app/src/main/cpp/libwaveform/debug_BUILD/CMakeFiles/CMakeTmp'
gmake[1]: *** [Makefile:121: cmTC_2d74d/fast] Error 2
gmake[1]: Leaving directory '/home/brothercomplex/AndroidStudioProjects/CCodeTesting/app/src/main/cpp/libwaveform/debug_BUILD/CMakeFiles/CMakeTmp'

File /home/brothercomplex/AndroidStudioProjects/CCodeTesting/app/src/main/cpp/libwaveform/debug_BUILD/CMakeFiles/CMakeTmp/CheckSymbolExists.c:
/* */
#include <pthread.h>

int main(int argc, char** argv)
{
  (void)argv;
#ifndef pthread_create
  return ((int*)(&pthread_create))[argc];
#else
  (void)argc;
  return 0;
#endif
}

Determining if the function pthread_create exists in the pthreads failed with the following output:
Change Dir: /home/brothercomplex/AndroidStudioProjects/CCodeTesting/app/src/main/cpp/libwaveform/debug_BUILD/CMakeFiles/CMakeTmp

Run Build Command:"/usr/bin/gmake" "cmTC_d024d/fast"
gmake[1]: Entering directory '/home/brothercomplex/AndroidStudioProjects/CCodeTesting/app/src/main/cpp/libwaveform/debug_BUILD/CMakeFiles/CMakeTmp'
/usr/bin/gmake -f CMakeFiles/cmTC_d024d.dir/build.make CMakeFiles/cmTC_d024d.dir/build
gmake[2]: Entering directory '/home/brothercomplex/AndroidStudioProjects/CCodeTesting/app/src/main/cpp/libwaveform/debug_BUILD/CMakeFiles/CMakeTmp'
Building C object CMakeFiles/cmTC_d024d.dir/CheckFunctionExists.c.o
/usr/bin/cc   -DCHECK_FUNCTION_EXISTS=pthread_create   -o CMakeFiles/cmTC_d024d.dir/CheckFunctionExists.c.o   -c /usr/share/cmake-3.13/Modules/CheckFunctionExists.c
Linking C executable cmTC_d024d
/usr/bin/cmake -E cmake_link_script CMakeFiles/cmTC_d024d.dir/link.txt --verbose=1
/usr/bin/cc  -DCHECK_FUNCTION_EXISTS=pthread_create    -rdynamic CMakeFiles/cmTC_d024d.dir/CheckFunctionExists.c.o  -o cmTC_d024d -lpthreads 
/usr/bin/ld: cannot find -lpthreads
collect2: error: ld returned 1 exit status
gmake[2]: *** [CMakeFiles/cmTC_d024d.dir/build.make:87: cmTC_d024d] Error 1
gmake[2]: Leaving directory '/home/brothercomplex/AndroidStudioProjects/CCodeTesting/app/src/main/cpp/libwaveform/debug_BUILD/CMakeFiles/CMakeTmp'
gmake[1]: *** [Makefile:121: cmTC_d024d/fast] Error 2
gmake[1]: Leaving directory '/home/brothercomplex/AndroidStudioProjects/CCodeTesting/app/src/main/cpp/libwaveform/debug_BUILD/CMakeFiles/CMakeTmp'


Determining if the include file direct.h exists failed with the following output:
Change Dir: /home/brothercomplex/AndroidStudioProjects/CCodeTesting/app/src/main/cpp/libwaveform/debug_BUILD/CMakeFiles/CMakeTmp

Run Build Command:"/usr/bin/gmake" "cmTC_952b4/fast"
gmake[1]: Entering directory '/home/brothercomplex/AndroidStudioProjects/CCodeTesting/app/src/main/cpp/libwaveform/debug_BUILD/CMakeFiles/CMakeTmp'
/usr/bin/gmake -f CMakeFiles/cmTC_952b4.dir/build.make CMakeFiles/cmTC_952b4.dir/build
gmake[2]: Entering directory '/home/brothercomplex/AndroidStudioProjects/CCodeTesting/app/src/main/cpp/libwaveform/debug_BUILD/CMakeFiles/CMakeTmp'
Building C object CMakeFiles/cmTC_952b4.dir/CheckIncludeFile.c.o
/usr/bin/cc    -o CMakeFiles/cmTC_952b4.dir/CheckIncludeFile.c.o   -c /home/brothercomplex/AndroidStudioProjects/CCodeTesting/app/src/main/cpp/libwaveform/debug_BUILD/CMakeFiles/CMakeTmp/CheckIncludeFile.c
/home/brothercomplex/AndroidStudioProjects/CCodeTesting/app/src/main/cpp/libwaveform/debug_BUILD/CMakeFiles/CMakeTmp/CheckIncludeFile.c:1:10: fatal error: direct.h: No such file or directory
 #include <direct.h>
          ^~~~~~~~~~
compilation terminated.
gmake[2]: *** [CMakeFiles/cmTC_952b4.dir/build.make:66: CMakeFiles/cmTC_952b4.dir/CheckIncludeFile.c.o] Error 1
gmake[2]: Leaving directory '/home/brothercomplex/AndroidStudioProjects/CCodeTesting/app/src/main/cpp/libwaveform/debug_BUILD/CMakeFiles/CMakeTmp'
gmake[1]: *** [Makefile:121: cmTC_952b4/fast] Error 2
gmake[1]: Leaving directory '/home/brothercomplex/AndroidStudioProjects/CCodeTesting/app/src/main/cpp/libwaveform/debug_BUILD/CMakeFiles/CMakeTmp'


Determining if the include file io.h exists failed with the following output:
Change Dir: /home/brothercomplex/AndroidStudioProjects/CCodeTesting/app/src/main/cpp/libwaveform/debug_BUILD/CMakeFiles/CMakeTmp

Run Build Command:"/usr/bin/gmake" "cmTC_ba69c/fast"
gmake[1]: Entering directory '/home/brothercomplex/AndroidStudioProjects/CCodeTesting/app/src/main/cpp/libwaveform/debug_BUILD/CMakeFiles/CMakeTmp'
/usr/bin/gmake -f CMakeFiles/cmTC_ba69c.dir/build.make CMakeFiles/cmTC_ba69c.dir/build
gmake[2]: Entering directory '/home/brothercomplex/AndroidStudioProjects/CCodeTesting/app/src/main/cpp/libwaveform/debug_BUILD/CMakeFiles/CMakeTmp'
Building C object CMakeFiles/cmTC_ba69c.dir/CheckIncludeFile.c.o
/usr/bin/cc    -o CMakeFiles/cmTC_ba69c.dir/CheckIncludeFile.c.o   -c /home/brothercomplex/AndroidStudioProjects/CCodeTesting/app/src/main/cpp/libwaveform/debug_BUILD/CMakeFiles/CMakeTmp/CheckIncludeFile.c
/home/brothercomplex/AndroidStudioProjects/CCodeTesting/app/src/main/cpp/libwaveform/debug_BUILD/CMakeFiles/CMakeTmp/CheckIncludeFile.c:1:10: fatal error: io.h: No such file or directory
 #include <io.h>
          ^~~~~~
compilation terminated.
gmake[2]: *** [CMakeFiles/cmTC_ba69c.dir/build.make:66: CMakeFiles/cmTC_ba69c.dir/CheckIncludeFile.c.o] Error 1
gmake[2]: Leaving directory '/home/brothercomplex/AndroidStudioProjects/CCodeTesting/app/src/main/cpp/libwaveform/debug_BUILD/CMakeFiles/CMakeTmp'
gmake[1]: *** [Makefile:121: cmTC_ba69c/fast] Error 2
gmake[1]: Leaving directory '/home/brothercomplex/AndroidStudioProjects/CCodeTesting/app/src/main/cpp/libwaveform/debug_BUILD/CMakeFiles/CMakeTmp'


Determining if the function sqlite3_close exists in the sqlite3 failed with the following output:
Change Dir: /home/brothercomplex/AndroidStudioProjects/CCodeTesting/app/src/main/cpp/libwaveform/debug_BUILD/CMakeFiles/CMakeTmp

Run Build Command:"/usr/bin/gmake" "cmTC_87a0e/fast"
gmake[1]: Entering directory '/home/brothercomplex/AndroidStudioProjects/CCodeTesting/app/src/main/cpp/libwaveform/debug_BUILD/CMakeFiles/CMakeTmp'
/usr/bin/gmake -f CMakeFiles/cmTC_87a0e.dir/build.make CMakeFiles/cmTC_87a0e.dir/build
gmake[2]: Entering directory '/home/brothercomplex/AndroidStudioProjects/CCodeTesting/app/src/main/cpp/libwaveform/debug_BUILD/CMakeFiles/CMakeTmp'
Building C object CMakeFiles/cmTC_87a0e.dir/CheckFunctionExists.c.o
/usr/bin/cc   -DCHECK_FUNCTION_EXISTS=sqlite3_close   -o CMakeFiles/cmTC_87a0e.dir/CheckFunctionExists.c.o   -c /usr/share/cmake-3.13/Modules/CheckFunctionExists.c
Linking C executable cmTC_87a0e
/usr/bin/cmake -E cmake_link_script CMakeFiles/cmTC_87a0e.dir/link.txt --verbose=1
/usr/bin/cc  -DCHECK_FUNCTION_EXISTS=sqlite3_close    -rdynamic CMakeFiles/cmTC_87a0e.dir/CheckFunctionExists.c.o  -o cmTC_87a0e -lsqlite3 -lm 
/usr/bin/ld: cannot find -lsqlite3
collect2: error: ld returned 1 exit status
gmake[2]: *** [CMakeFiles/cmTC_87a0e.dir/build.make:87: cmTC_87a0e] Error 1
gmake[2]: Leaving directory '/home/brothercomplex/AndroidStudioProjects/CCodeTesting/app/src/main/cpp/libwaveform/debug_BUILD/CMakeFiles/CMakeTmp'
gmake[1]: *** [Makefile:121: cmTC_87a0e/fast] Error 2
gmake[1]: Leaving directory '/home/brothercomplex/AndroidStudioProjects/CCodeTesting/app/src/main/cpp/libwaveform/debug_BUILD/CMakeFiles/CMakeTmp'


Performing C SOURCE FILE Test CPU_CLIPS_POSITIVE failed with the following compile output:
Change Dir: /home/brothercomplex/AndroidStudioProjects/CCodeTesting/app/src/main/cpp/libwaveform/debug_BUILD/CMakeFiles/CMakeTmp

Run Build Command:"/usr/bin/gmake" "cmTC_3d0ae/fast"
gmake[1]: Entering directory '/home/brothercomplex/AndroidStudioProjects/CCodeTesting/app/src/main/cpp/libwaveform/debug_BUILD/CMakeFiles/CMakeTmp'
/usr/bin/gmake -f CMakeFiles/cmTC_3d0ae.dir/build.make CMakeFiles/cmTC_3d0ae.dir/build
gmake[2]: Entering directory '/home/brothercomplex/AndroidStudioProjects/CCodeTesting/app/src/main/cpp/libwaveform/debug_BUILD/CMakeFiles/CMakeTmp'
Building C object CMakeFiles/cmTC_3d0ae.dir/src.c.o
/usr/bin/cc   -DCPU_CLIPS_POSITIVE   -o CMakeFiles/cmTC_3d0ae.dir/src.c.o   -c /home/brothercomplex/AndroidStudioProjects/CCodeTesting/app/src/main/cpp/libwaveform/debug_BUILD/CMakeFiles/CMakeTmp/src.c
Linking C executable cmTC_3d0ae
/usr/bin/cmake -E cmake_link_script CMakeFiles/cmTC_3d0ae.dir/link.txt --verbose=1
/usr/bin/cc  -DCPU_CLIPS_POSITIVE    -rdynamic CMakeFiles/cmTC_3d0ae.dir/src.c.o  -o cmTC_3d0ae -lm 
gmake[2]: Leaving directory '/home/brothercomplex/AndroidStudioProjects/CCodeTesting/app/src/main/cpp/libwaveform/debug_BUILD/CMakeFiles/CMakeTmp'
gmake[1]: Leaving directory '/home/brothercomplex/AndroidStudioProjects/CCodeTesting/app/src/main/cpp/libwaveform/debug_BUILD/CMakeFiles/CMakeTmp'

...and run output:

Return value: 1
Source file was:

		#define	_ISOC9X_SOURCE	1
		#define _ISOC99_SOURCE	1
		#define	__USE_ISOC99	1
		#define __USE_ISOC9X	1
		#include <math.h>
		int main (void)
		{	double	fval ;
			int k, ival ;

			fval = 1.0 * 0x7FFFFFFF ;
			for (k = 0 ; k < 100 ; k++)
			{	ival = (lrint (fval)) >> 24 ;
				if (ival != 127)
					return 1 ;
			
				fval *= 1.2499999 ;
				} ;
			
				return 0 ;
			}
		
Performing C SOURCE FILE Test CPU_CLIPS_NEGATIVE failed with the following compile output:
Change Dir: /home/brothercomplex/AndroidStudioProjects/CCodeTesting/app/src/main/cpp/libwaveform/debug_BUILD/CMakeFiles/CMakeTmp

Run Build Command:"/usr/bin/gmake" "cmTC_611fc/fast"
gmake[1]: Entering directory '/home/brothercomplex/AndroidStudioProjects/CCodeTesting/app/src/main/cpp/libwaveform/debug_BUILD/CMakeFiles/CMakeTmp'
/usr/bin/gmake -f CMakeFiles/cmTC_611fc.dir/build.make CMakeFiles/cmTC_611fc.dir/build
gmake[2]: Entering directory '/home/brothercomplex/AndroidStudioProjects/CCodeTesting/app/src/main/cpp/libwaveform/debug_BUILD/CMakeFiles/CMakeTmp'
Building C object CMakeFiles/cmTC_611fc.dir/src.c.o
/usr/bin/cc   -DCPU_CLIPS_NEGATIVE   -o CMakeFiles/cmTC_611fc.dir/src.c.o   -c /home/brothercomplex/AndroidStudioProjects/CCodeTesting/app/src/main/cpp/libwaveform/debug_BUILD/CMakeFiles/CMakeTmp/src.c
Linking C executable cmTC_611fc
/usr/bin/cmake -E cmake_link_script CMakeFiles/cmTC_611fc.dir/link.txt --verbose=1
/usr/bin/cc  -DCPU_CLIPS_NEGATIVE    -rdynamic CMakeFiles/cmTC_611fc.dir/src.c.o  -o cmTC_611fc -lm 
gmake[2]: Leaving directory '/home/brothercomplex/AndroidStudioProjects/CCodeTesting/app/src/main/cpp/libwaveform/debug_BUILD/CMakeFiles/CMakeTmp'
gmake[1]: Leaving directory '/home/brothercomplex/AndroidStudioProjects/CCodeTesting/app/src/main/cpp/libwaveform/debug_BUILD/CMakeFiles/CMakeTmp'

...and run output:

Return value: 1
Source file was:

		#define	_ISOC9X_SOURCE	1
		#define _ISOC99_SOURCE	1
		#define	__USE_ISOC99	1
		#define __USE_ISOC9X	1
		#include <math.h>
		int main (void)
		{	double	fval ;
			int k, ival ;

			fval = -8.0 * 0x10000000 ;
			for (k = 0 ; k < 100 ; k++)
			{	ival = (lrint (fval)) >> 24 ;
				if (ival != -128)
					return 1 ;
			
				fval *= 1.2499999 ;
				} ;
			
				return 0 ;
			}
		
