This file contains any messages produced by compilers while
running configure, to aid debugging if configure makes a mistake.

It was created by ID3 Tag configure 0.15.1b, which was
generated by GNU Autoconf 2.59.  Invocation command line was

  $ ./configure 

## --------- ##
## Platform. ##
## --------- ##

hostname = Anime-X555BA
uname -m = x86_64
uname -r = 5.0.0-38-generic
uname -s = Linux
uname -v = #41-Ubuntu SMP Tue Dec 3 00:27:35 UTC 2019

/usr/bin/uname -p = x86_64
/bin/uname -X     = unknown

/bin/arch              = x86_64
/usr/bin/arch -k       = unknown
/usr/convex/getsysinfo = unknown
hostinfo               = unknown
/bin/machine           = unknown
/usr/bin/oslevel       = unknown
/bin/universe          = unknown

PATH: /home/linuxbrew/.linuxbrew/bin
PATH: /home/linuxbrew/.linuxbrew/sbin
PATH: /home/brothercomplex/.local/bin
PATH: /home/brothercomplex/bin
PATH: /usr/local/sbin
PATH: /usr/local/bin
PATH: /usr/sbin
PATH: /usr/bin
PATH: /sbin
PATH: /bin
PATH: /usr/games
PATH: /usr/local/games
PATH: /snap/bin
PATH: ~/.local/bin


## ----------- ##
## Core tests. ##
## ----------- ##

configure:1557: checking for a BSD-compatible install
configure:1612: result: /usr/bin/install -c
configure:1623: checking whether build environment is sane
configure:1666: result: yes
configure:1723: checking for gawk
configure:1752: result: no
configure:1723: checking for mawk
configure:1739: found /usr/bin/mawk
configure:1749: result: mawk
configure:1759: checking whether make sets $(MAKE)
configure:1779: result: yes
configure:1954: checking build system type
configure:1972: result: x86_64-unknown-linux-gnu
configure:1980: checking host system type
configure:1994: result: x86_64-unknown-linux-gnu
configure:2050: checking for gcc
configure:2066: found /usr/bin/gcc
configure:2076: result: gcc
configure:2320: checking for C compiler version
configure:2323: gcc --version </dev/null >&5
gcc (Ubuntu 8.3.0-6ubuntu1) 8.3.0
Copyright (C) 2018 Free Software Foundation, Inc.
This is free software; see the source for copying conditions.  There is NO
warranty; not even for MERCHANTABILITY or FITNESS FOR A PARTICULAR PURPOSE.

configure:2326: $? = 0
configure:2328: gcc -v </dev/null >&5
Using built-in specs.
COLLECT_GCC=gcc
COLLECT_LTO_WRAPPER=/usr/lib/gcc/x86_64-linux-gnu/8/lto-wrapper
OFFLOAD_TARGET_NAMES=nvptx-none
OFFLOAD_TARGET_DEFAULT=1
Target: x86_64-linux-gnu
Configured with: ../src/configure -v --with-pkgversion='Ubuntu 8.3.0-6ubuntu1' --with-bugurl=file:///usr/share/doc/gcc-8/README.Bugs --enable-languages=c,ada,c++,go,brig,d,fortran,objc,obj-c++ --prefix=/usr --with-gcc-major-version-only --program-suffix=-8 --program-prefix=x86_64-linux-gnu- --enable-shared --enable-linker-build-id --libexecdir=/usr/lib --without-included-gettext --enable-threads=posix --libdir=/usr/lib --enable-nls --enable-bootstrap --enable-clocale=gnu --enable-libstdcxx-debug --enable-libstdcxx-time=yes --with-default-libstdcxx-abi=new --enable-gnu-unique-object --disable-vtable-verify --enable-libmpx --enable-plugin --enable-default-pie --with-system-zlib --with-target-system-zlib --enable-objc-gc=auto --enable-multiarch --disable-werror --with-arch-32=i686 --with-abi=m64 --with-multilib-list=m32,m64,mx32 --enable-multilib --with-tune=generic --enable-offload-targets=nvptx-none --without-cuda-driver --enable-checking=release --build=x86_64-linux-gnu --host=x86_64-linux-gnu --target=x86_64-linux-gnu
Thread model: posix
gcc version 8.3.0 (Ubuntu 8.3.0-6ubuntu1) 
configure:2331: $? = 0
configure:2333: gcc -V </dev/null >&5
gcc: error: unrecognized command line option '-V'
gcc: fatal error: no input files
compilation terminated.
configure:2336: $? = 1
configure:2359: checking for C compiler default output file name
configure:2362: gcc    conftest.c  >&5
configure:2365: $? = 0
configure:2411: result: a.out
configure:2416: checking whether the C compiler works
configure:2422: ./a.out
configure:2425: $? = 0
configure:2442: result: yes
configure:2449: checking whether we are cross compiling
configure:2451: result: no
configure:2454: checking for suffix of executables
configure:2456: gcc -o conftest    conftest.c  >&5
configure:2459: $? = 0
configure:2484: result: 
configure:2490: checking for suffix of object files
configure:2511: gcc -c   conftest.c >&5
configure:2514: $? = 0
configure:2536: result: o
configure:2540: checking whether we are using the GNU C compiler
configure:2564: gcc -c   conftest.c >&5
configure:2570: $? = 0
configure:2573: test -z 			 || test ! -s conftest.err
configure:2576: $? = 0
configure:2579: test -s conftest.o
configure:2582: $? = 0
configure:2595: result: yes
configure:2601: checking whether gcc accepts -g
configure:2622: gcc -c -g  conftest.c >&5
configure:2628: $? = 0
configure:2631: test -z 			 || test ! -s conftest.err
configure:2634: $? = 0
configure:2637: test -s conftest.o
configure:2640: $? = 0
configure:2651: result: yes
configure:2668: checking for gcc option to accept ANSI C
configure:2738: gcc  -c -g -O2  conftest.c >&5
configure:2744: $? = 0
configure:2747: test -z 			 || test ! -s conftest.err
configure:2750: $? = 0
configure:2753: test -s conftest.o
configure:2756: $? = 0
configure:2774: result: none needed
configure:2792: gcc -c -g -O2  conftest.c >&5
conftest.c:2:3: error: unknown type name 'choke'
   choke me
   ^~~~~
conftest.c:2:3: error: expected '=', ',', ';', 'asm' or '__attribute__' at end of input
configure:2798: $? = 1
configure: failed program was:
| #ifndef __cplusplus
|   choke me
| #endif
configure:2939: checking for style of include used by make
configure:2967: result: GNU
configure:2995: checking dependency style of gcc
configure:3078: result: gcc3
configure:3183: checking for a sed that does not truncate output
configure:3237: result: /usr/bin/sed
configure:3240: checking for egrep
configure:3250: result: grep -E
configure:3266: checking for ld used by gcc
configure:3333: result: /usr/bin/ld
configure:3342: checking if the linker (/usr/bin/ld) is GNU ld
configure:3357: result: yes
configure:3362: checking for /usr/bin/ld option to reload object files
configure:3369: result: -r
configure:3378: checking for BSD-compatible nm
configure:3420: result: /usr/bin/nm -B
configure:3424: checking whether ln -s works
configure:3428: result: yes
configure:3435: checking how to recognise dependent libraries
configure:3609: result: pass_all
configure:3694: gcc -c -g -O2  conftest.c >&5
configure:3697: $? = 0
configure:3822: checking how to run the C preprocessor
configure:3857: gcc -E  conftest.c
configure:3863: $? = 0
configure:3895: gcc -E  conftest.c
conftest.c:11:10: fatal error: ac_nonexistent.h: No such file or directory
 #include <ac_nonexistent.h>
          ^~~~~~~~~~~~~~~~~~
compilation terminated.
configure:3901: $? = 1
configure: failed program was:
| /* confdefs.h.  */
| 
| #define PACKAGE_NAME "ID3 Tag"
| #define PACKAGE_TARNAME "libid3tag"
| #define PACKAGE_VERSION "0.15.1b"
| #define PACKAGE_STRING "ID3 Tag 0.15.1b"
| #define PACKAGE_BUGREPORT "support@underbit.com"
| #define PACKAGE "libid3tag"
| #define VERSION "0.15.1b"
| /* end confdefs.h.  */
| #include <ac_nonexistent.h>
configure:3940: result: gcc -E
configure:3964: gcc -E  conftest.c
configure:3970: $? = 0
configure:4002: gcc -E  conftest.c
conftest.c:11:10: fatal error: ac_nonexistent.h: No such file or directory
 #include <ac_nonexistent.h>
          ^~~~~~~~~~~~~~~~~~
compilation terminated.
configure:4008: $? = 1
configure: failed program was:
| /* confdefs.h.  */
| 
| #define PACKAGE_NAME "ID3 Tag"
| #define PACKAGE_TARNAME "libid3tag"
| #define PACKAGE_VERSION "0.15.1b"
| #define PACKAGE_STRING "ID3 Tag 0.15.1b"
| #define PACKAGE_BUGREPORT "support@underbit.com"
| #define PACKAGE "libid3tag"
| #define VERSION "0.15.1b"
| /* end confdefs.h.  */
| #include <ac_nonexistent.h>
configure:4052: checking for ANSI C header files
configure:4077: gcc -c -g -O2  conftest.c >&5
configure:4083: $? = 0
configure:4086: test -z 			 || test ! -s conftest.err
configure:4089: $? = 0
configure:4092: test -s conftest.o
configure:4095: $? = 0
configure:4184: gcc -o conftest -g -O2   conftest.c  >&5
conftest.c: In function 'main':
conftest.c:28:7: warning: implicit declaration of function 'exit' [-Wimplicit-function-declaration]
       exit(2);
       ^~~~
conftest.c:28:7: warning: incompatible implicit declaration of built-in function 'exit'
conftest.c:28:7: note: include '<stdlib.h>' or provide a declaration of 'exit'
conftest.c:12:1:
+#include <stdlib.h>
 #if ((' ' & 0x0FF) == 0x020)
conftest.c:28:7:
       exit(2);
       ^~~~
conftest.c:29:3: warning: incompatible implicit declaration of built-in function 'exit'
   exit (0);
   ^~~~
conftest.c:29:3: note: include '<stdlib.h>' or provide a declaration of 'exit'
configure:4187: $? = 0
configure:4189: ./conftest
configure:4192: $? = 0
configure:4207: result: yes
configure:4231: checking for sys/types.h
configure:4247: gcc -c -g -O2  conftest.c >&5
configure:4253: $? = 0
configure:4256: test -z 			 || test ! -s conftest.err
configure:4259: $? = 0
configure:4262: test -s conftest.o
configure:4265: $? = 0
configure:4276: result: yes
configure:4231: checking for sys/stat.h
configure:4247: gcc -c -g -O2  conftest.c >&5
configure:4253: $? = 0
configure:4256: test -z 			 || test ! -s conftest.err
configure:4259: $? = 0
configure:4262: test -s conftest.o
configure:4265: $? = 0
configure:4276: result: yes
configure:4231: checking for stdlib.h
configure:4247: gcc -c -g -O2  conftest.c >&5
configure:4253: $? = 0
configure:4256: test -z 			 || test ! -s conftest.err
configure:4259: $? = 0
configure:4262: test -s conftest.o
configure:4265: $? = 0
configure:4276: result: yes
configure:4231: checking for string.h
configure:4247: gcc -c -g -O2  conftest.c >&5
configure:4253: $? = 0
configure:4256: test -z 			 || test ! -s conftest.err
configure:4259: $? = 0
configure:4262: test -s conftest.o
configure:4265: $? = 0
configure:4276: result: yes
configure:4231: checking for memory.h
configure:4247: gcc -c -g -O2  conftest.c >&5
configure:4253: $? = 0
configure:4256: test -z 			 || test ! -s conftest.err
configure:4259: $? = 0
configure:4262: test -s conftest.o
configure:4265: $? = 0
configure:4276: result: yes
configure:4231: checking for strings.h
configure:4247: gcc -c -g -O2  conftest.c >&5
configure:4253: $? = 0
configure:4256: test -z 			 || test ! -s conftest.err
configure:4259: $? = 0
configure:4262: test -s conftest.o
configure:4265: $? = 0
configure:4276: result: yes
configure:4231: checking for inttypes.h
configure:4247: gcc -c -g -O2  conftest.c >&5
configure:4253: $? = 0
configure:4256: test -z 			 || test ! -s conftest.err
configure:4259: $? = 0
configure:4262: test -s conftest.o
configure:4265: $? = 0
configure:4276: result: yes
configure:4231: checking for stdint.h
configure:4247: gcc -c -g -O2  conftest.c >&5
configure:4253: $? = 0
configure:4256: test -z 			 || test ! -s conftest.err
configure:4259: $? = 0
configure:4262: test -s conftest.o
configure:4265: $? = 0
configure:4276: result: yes
configure:4231: checking for unistd.h
configure:4247: gcc -c -g -O2  conftest.c >&5
configure:4253: $? = 0
configure:4256: test -z 			 || test ! -s conftest.err
configure:4259: $? = 0
configure:4262: test -s conftest.o
configure:4265: $? = 0
configure:4276: result: yes
configure:4302: checking dlfcn.h usability
configure:4314: gcc -c -g -O2  conftest.c >&5
configure:4320: $? = 0
configure:4323: test -z 			 || test ! -s conftest.err
configure:4326: $? = 0
configure:4329: test -s conftest.o
configure:4332: $? = 0
configure:4342: result: yes
configure:4346: checking dlfcn.h presence
configure:4356: gcc -E  conftest.c
configure:4362: $? = 0
configure:4382: result: yes
configure:4417: checking for dlfcn.h
configure:4424: result: yes
configure:4489: checking for g++
configure:4505: found /usr/bin/g++
configure:4515: result: g++
configure:4531: checking for C++ compiler version
configure:4534: g++ --version </dev/null >&5
g++ (Ubuntu 8.3.0-6ubuntu1) 8.3.0
Copyright (C) 2018 Free Software Foundation, Inc.
This is free software; see the source for copying conditions.  There is NO
warranty; not even for MERCHANTABILITY or FITNESS FOR A PARTICULAR PURPOSE.

configure:4537: $? = 0
configure:4539: g++ -v </dev/null >&5
Using built-in specs.
COLLECT_GCC=g++
COLLECT_LTO_WRAPPER=/usr/lib/gcc/x86_64-linux-gnu/8/lto-wrapper
OFFLOAD_TARGET_NAMES=nvptx-none
OFFLOAD_TARGET_DEFAULT=1
Target: x86_64-linux-gnu
Configured with: ../src/configure -v --with-pkgversion='Ubuntu 8.3.0-6ubuntu1' --with-bugurl=file:///usr/share/doc/gcc-8/README.Bugs --enable-languages=c,ada,c++,go,brig,d,fortran,objc,obj-c++ --prefix=/usr --with-gcc-major-version-only --program-suffix=-8 --program-prefix=x86_64-linux-gnu- --enable-shared --enable-linker-build-id --libexecdir=/usr/lib --without-included-gettext --enable-threads=posix --libdir=/usr/lib --enable-nls --enable-bootstrap --enable-clocale=gnu --enable-libstdcxx-debug --enable-libstdcxx-time=yes --with-default-libstdcxx-abi=new --enable-gnu-unique-object --disable-vtable-verify --enable-libmpx --enable-plugin --enable-default-pie --with-system-zlib --with-target-system-zlib --enable-objc-gc=auto --enable-multiarch --disable-werror --with-arch-32=i686 --with-abi=m64 --with-multilib-list=m32,m64,mx32 --enable-multilib --with-tune=generic --enable-offload-targets=nvptx-none --without-cuda-driver --enable-checking=release --build=x86_64-linux-gnu --host=x86_64-linux-gnu --target=x86_64-linux-gnu
Thread model: posix
gcc version 8.3.0 (Ubuntu 8.3.0-6ubuntu1) 
configure:4542: $? = 0
configure:4544: g++ -V </dev/null >&5
g++: error: unrecognized command line option '-V'
g++: fatal error: no input files
compilation terminated.
configure:4547: $? = 1
configure:4550: checking whether we are using the GNU C++ compiler
configure:4574: g++ -c   conftest.cc >&5
configure:4580: $? = 0
configure:4583: test -z 			 || test ! -s conftest.err
configure:4586: $? = 0
configure:4589: test -s conftest.o
configure:4592: $? = 0
configure:4605: result: yes
configure:4611: checking whether g++ accepts -g
configure:4632: g++ -c -g  conftest.cc >&5
configure:4638: $? = 0
configure:4641: test -z 			 || test ! -s conftest.err
configure:4644: $? = 0
configure:4647: test -s conftest.o
configure:4650: $? = 0
configure:4661: result: yes
configure:4703: g++ -c -g -O2  conftest.cc >&5
configure:4709: $? = 0
configure:4712: test -z 			 || test ! -s conftest.err
configure:4715: $? = 0
configure:4718: test -s conftest.o
configure:4721: $? = 0
configure:4747: g++ -c -g -O2  conftest.cc >&5
conftest.cc: In function 'int main()':
conftest.cc:26:1: error: 'exit' was not declared in this scope
 exit (42);
 ^~~~
configure:4753: $? = 1
configure: failed program was:
| /* confdefs.h.  */
| 
| #define PACKAGE_NAME "ID3 Tag"
| #define PACKAGE_TARNAME "libid3tag"
| #define PACKAGE_VERSION "0.15.1b"
| #define PACKAGE_STRING "ID3 Tag 0.15.1b"
| #define PACKAGE_BUGREPORT "support@underbit.com"
| #define PACKAGE "libid3tag"
| #define VERSION "0.15.1b"
| #define STDC_HEADERS 1
| #define HAVE_SYS_TYPES_H 1
| #define HAVE_SYS_STAT_H 1
| #define HAVE_STDLIB_H 1
| #define HAVE_STRING_H 1
| #define HAVE_MEMORY_H 1
| #define HAVE_STRINGS_H 1
| #define HAVE_INTTYPES_H 1
| #define HAVE_STDINT_H 1
| #define HAVE_UNISTD_H 1
| #define HAVE_DLFCN_H 1
| /* end confdefs.h.  */
| 
| int
| main ()
| {
| exit (42);
|   ;
|   return 0;
| }
configure:4703: g++ -c -g -O2  conftest.cc >&5
configure:4709: $? = 0
configure:4712: test -z 			 || test ! -s conftest.err
configure:4715: $? = 0
configure:4718: test -s conftest.o
configure:4721: $? = 0
configure:4747: g++ -c -g -O2  conftest.cc >&5
configure:4753: $? = 0
configure:4756: test -z 			 || test ! -s conftest.err
configure:4759: $? = 0
configure:4762: test -s conftest.o
configure:4765: $? = 0
configure:4790: checking dependency style of g++
configure:4873: result: gcc3
configure:4895: checking how to run the C++ preprocessor
configure:4926: g++ -E  conftest.cc
configure:4932: $? = 0
configure:4964: g++ -E  conftest.cc
conftest.cc:25:10: fatal error: ac_nonexistent.h: No such file or directory
 #include <ac_nonexistent.h>
          ^~~~~~~~~~~~~~~~~~
compilation terminated.
configure:4970: $? = 1
configure: failed program was:
| /* confdefs.h.  */
| 
| #define PACKAGE_NAME "ID3 Tag"
| #define PACKAGE_TARNAME "libid3tag"
| #define PACKAGE_VERSION "0.15.1b"
| #define PACKAGE_STRING "ID3 Tag 0.15.1b"
| #define PACKAGE_BUGREPORT "support@underbit.com"
| #define PACKAGE "libid3tag"
| #define VERSION "0.15.1b"
| #define STDC_HEADERS 1
| #define HAVE_SYS_TYPES_H 1
| #define HAVE_SYS_STAT_H 1
| #define HAVE_STDLIB_H 1
| #define HAVE_STRING_H 1
| #define HAVE_MEMORY_H 1
| #define HAVE_STRINGS_H 1
| #define HAVE_INTTYPES_H 1
| #define HAVE_STDINT_H 1
| #define HAVE_UNISTD_H 1
| #define HAVE_DLFCN_H 1
| #ifdef __cplusplus
| extern "C" void std::exit (int) throw (); using std::exit;
| #endif
| /* end confdefs.h.  */
| #include <ac_nonexistent.h>
configure:5009: result: g++ -E
configure:5033: g++ -E  conftest.cc
configure:5039: $? = 0
configure:5071: g++ -E  conftest.cc
conftest.cc:25:10: fatal error: ac_nonexistent.h: No such file or directory
 #include <ac_nonexistent.h>
          ^~~~~~~~~~~~~~~~~~
compilation terminated.
configure:5077: $? = 1
configure: failed program was:
| /* confdefs.h.  */
| 
| #define PACKAGE_NAME "ID3 Tag"
| #define PACKAGE_TARNAME "libid3tag"
| #define PACKAGE_VERSION "0.15.1b"
| #define PACKAGE_STRING "ID3 Tag 0.15.1b"
| #define PACKAGE_BUGREPORT "support@underbit.com"
| #define PACKAGE "libid3tag"
| #define VERSION "0.15.1b"
| #define STDC_HEADERS 1
| #define HAVE_SYS_TYPES_H 1
| #define HAVE_SYS_STAT_H 1
| #define HAVE_STDLIB_H 1
| #define HAVE_STRING_H 1
| #define HAVE_MEMORY_H 1
| #define HAVE_STRINGS_H 1
| #define HAVE_INTTYPES_H 1
| #define HAVE_STDINT_H 1
| #define HAVE_UNISTD_H 1
| #define HAVE_DLFCN_H 1
| #ifdef __cplusplus
| extern "C" void std::exit (int) throw (); using std::exit;
| #endif
| /* end confdefs.h.  */
| #include <ac_nonexistent.h>
configure:5172: checking for g77
configure:5201: result: no
configure:5172: checking for f77
configure:5188: found /usr/bin/f77
configure:5198: result: f77
configure:5215: checking for Fortran 77 compiler version
configure:5216: f77 --version </dev/null >&5
GNU Fortran (Ubuntu 8.3.0-6ubuntu1) 8.3.0
Copyright (C) 2018 Free Software Foundation, Inc.
This is free software; see the source for copying conditions.  There is NO
warranty; not even for MERCHANTABILITY or FITNESS FOR A PARTICULAR PURPOSE.

configure:5219: $? = 0
configure:5221: f77 -v </dev/null >&5
Using built-in specs.
COLLECT_GCC=f77
COLLECT_LTO_WRAPPER=/usr/lib/gcc/x86_64-linux-gnu/8/lto-wrapper
OFFLOAD_TARGET_NAMES=nvptx-none
OFFLOAD_TARGET_DEFAULT=1
Target: x86_64-linux-gnu
Configured with: ../src/configure -v --with-pkgversion='Ubuntu 8.3.0-6ubuntu1' --with-bugurl=file:///usr/share/doc/gcc-8/README.Bugs --enable-languages=c,ada,c++,go,brig,d,fortran,objc,obj-c++ --prefix=/usr --with-gcc-major-version-only --program-suffix=-8 --program-prefix=x86_64-linux-gnu- --enable-shared --enable-linker-build-id --libexecdir=/usr/lib --without-included-gettext --enable-threads=posix --libdir=/usr/lib --enable-nls --enable-bootstrap --enable-clocale=gnu --enable-libstdcxx-debug --enable-libstdcxx-time=yes --with-default-libstdcxx-abi=new --enable-gnu-unique-object --disable-vtable-verify --enable-libmpx --enable-plugin --enable-default-pie --with-system-zlib --with-target-system-zlib --enable-objc-gc=auto --enable-multiarch --disable-werror --with-arch-32=i686 --with-abi=m64 --with-multilib-list=m32,m64,mx32 --enable-multilib --with-tune=generic --enable-offload-targets=nvptx-none --without-cuda-driver --enable-checking=release --build=x86_64-linux-gnu --host=x86_64-linux-gnu --target=x86_64-linux-gnu
Thread model: posix
gcc version 8.3.0 (Ubuntu 8.3.0-6ubuntu1) 
configure:5224: $? = 0
configure:5226: f77 -V </dev/null >&5
f77: error: unrecognized command line option '-V'
f77: fatal error: no input files
compilation terminated.
configure:5229: $? = 1
configure:5237: checking whether we are using the GNU Fortran 77 compiler
configure:5251: f77 -c  conftest.F >&5
configure:5257: $? = 0
configure:5260: test -z 			 || test ! -s conftest.err
configure:5263: $? = 0
configure:5266: test -s conftest.o
configure:5269: $? = 0
configure:5282: result: yes
configure:5288: checking whether f77 accepts -g
configure:5300: f77 -c -g conftest.f >&5
configure:5306: $? = 0
configure:5309: test -z 			 || test ! -s conftest.err
configure:5312: $? = 0
configure:5315: test -s conftest.o
configure:5318: $? = 0
configure:5330: result: yes
configure:5360: checking the maximum length of command line arguments
configure:5425: result: 32768
configure:5436: checking command to parse /usr/bin/nm -B output from gcc object
configure:5525: gcc -c -g -O2  conftest.c >&5
configure:5528: $? = 0
configure:5532: /usr/bin/nm -B conftest.o \| sed -n -e 's/^.*[ 	]\([ABCDGIRSTW][ABCDGIRSTW]*\)[ 	][ 	]*\(\)\([_A-Za-z][_A-Za-z0-9]*\)$/\1 \2\3 \3/p' \> conftest.nm
configure:5535: $? = 0
configure:5587: gcc -o conftest -g -O2   conftest.c conftstm.o >&5
configure:5590: $? = 0
configure:5628: result: ok
configure:5632: checking for objdir
configure:5647: result: .libs
configure:5737: checking for ar
configure:5753: found /usr/bin/ar
configure:5764: result: ar
configure:5817: checking for ranlib
configure:5833: found /usr/bin/ranlib
configure:5844: result: ranlib
configure:5897: checking for strip
configure:5913: found /usr/bin/strip
configure:5924: result: strip
configure:6186: checking if gcc static flag  works
configure:6209: result: yes
configure:6227: checking if gcc supports -fno-rtti -fno-exceptions
configure:6247: gcc -c -g -O2  -fno-rtti -fno-exceptions conftest.c >&5
cc1: warning: command line option '-fno-rtti' is valid for C++/ObjC++ but not for C
configure:6251: $? = 0
configure:6260: result: no
configure:6252: checking for gcc option to produce PIC
configure:6429: result: -fPIC
configure:6437: checking if gcc PIC flag -fPIC works
configure:6480: gcc -c -g -O2  -fPIC -DPIC conftest.c >&5
configure:6484: $? = 0
configure:6470: result: yes
configure:6467: checking if gcc supports -c -o file.o
configure:6540: gcc -c -g -O2  -o out/conftest2.o conftest.c >&5
configure:6544: $? = 0
configure:6490: result: yes
configure:6516: checking whether the gcc linker (/usr/bin/ld -m elf_x86_64) supports shared libraries
configure:7362: result: yes
configure:7388: checking whether -lc should be explicitly linked in
configure:7393: gcc -c -g -O2  conftest.c >&5
configure:7396: $? = 0
configure:7410: gcc -shared conftest.o  -v -Wl,-soname -Wl,conftest -o conftest 2\>\&1 \| grep  -lc  \>/dev/null 2\>\&1
configure:7413: $? = 0
configure:7425: result: no
configure:7433: checking dynamic linker characteristics
configure:7973: result: GNU/Linux ld.so
configure:7977: checking how to hardcode library paths into programs
configure:8002: result: immediate
configure:8016: checking whether stripping libraries is possible
configure:8021: result: yes
configure:8844: checking if libtool supports shared libraries
configure:8846: result: yes
configure:8849: checking whether to build shared libraries
configure:8907: result: yes
configure:8910: checking whether to build static libraries
configure:8914: result: yes
configure:9006: creating libtool
configure:9553: checking for ld used by g++
configure:9620: result: /usr/bin/ld -m elf_x86_64
configure:9629: checking if the linker (/usr/bin/ld -m elf_x86_64) is GNU ld
configure:9644: result: yes
configure:9695: checking whether the g++ linker (/usr/bin/ld -m elf_x86_64) supports shared libraries
configure:10521: result: yes
configure:10539: g++ -c -g -O2  conftest.cc >&5
configure:10542: $? = 0
configure:10638: checking for g++ option to produce PIC
configure:10890: result: -fPIC
configure:10898: checking if g++ PIC flag -fPIC works
configure:10990: g++ -c -g -O2  -fPIC -DPIC conftest.cc >&5
configure:10994: $? = 0
configure:10931: result: yes
configure:10955: checking if g++ supports -c -o file.o
configure:11050: g++ -c -g -O2  -o out/conftest2.o conftest.cc >&5
configure:11054: $? = 0
configure:11000: result: yes
configure:11026: checking whether the g++ linker (/usr/bin/ld -m elf_x86_64) supports shared libraries
configure:11051: result: yes
configure:11122: checking dynamic linker characteristics
configure:11662: result: GNU/Linux ld.so
configure:11666: checking how to hardcode library paths into programs
configure:11691: result: immediate
configure:11705: checking whether stripping libraries is possible
configure:11710: result: yes
configure:13010: checking if libtool supports shared libraries
configure:13012: result: yes
configure:13015: checking whether to build shared libraries
configure:13033: result: yes
configure:13036: checking whether to build static libraries
configure:13040: result: yes
configure:13052: checking for f77 option to produce PIC
configure:13229: result: -fPIC
configure:13237: checking if f77 PIC flag -fPIC works
configure:13329: f77 -c -g -O2 -fPIC conftest.f >&5
configure:13333: $? = 0
configure:13270: result: yes
configure:13294: checking if f77 supports -c -o file.o
configure:13389: f77 -c -g -O2 -o out/conftest2.o conftest.f >&5
configure:13393: $? = 0
configure:13339: result: yes
configure:13365: checking whether the f77 linker (/usr/bin/ld -m elf_x86_64) supports shared libraries
configure:14191: result: yes
configure:14262: checking dynamic linker characteristics
configure:14802: result: GNU/Linux ld.so
configure:14806: checking how to hardcode library paths into programs
configure:14831: result: immediate
configure:14845: checking whether stripping libraries is possible
configure:14850: result: yes
configure:18982: checking for ANSI C header files
configure:19137: result: yes
configure:19162: checking assert.h usability
configure:19174: gcc -c -Wall  conftest.c >&5
configure:19180: $? = 0
configure:19183: test -z 			 || test ! -s conftest.err
configure:19186: $? = 0
configure:19189: test -s conftest.o
configure:19192: $? = 0
configure:19202: result: yes
configure:19206: checking assert.h presence
configure:19216: gcc -E  conftest.c
configure:19222: $? = 0
configure:19242: result: yes
configure:19277: checking for assert.h
configure:19284: result: yes
configure:19153: checking for unistd.h
configure:19158: result: yes
configure:19308: checking zlib.h usability
configure:19320: gcc -c -Wall  conftest.c >&5
configure:19326: $? = 0
configure:19329: test -z 			 || test ! -s conftest.err
configure:19332: $? = 0
configure:19335: test -s conftest.o
configure:19338: $? = 0
configure:19348: result: yes
configure:19352: checking zlib.h presence
configure:19362: gcc -E  conftest.c
configure:19368: $? = 0
configure:19388: result: yes
configure:19423: checking for zlib.h
configure:19430: result: yes
configure:19453: checking for an ANSI C-conforming const
configure:19520: gcc -c -Wall  conftest.c >&5
conftest.c: In function 'main':
conftest.c:55:17: warning: unused variable 's' [-Wunused-variable]
     char const *s = 0 ? (char *) 0 : (char const *) 0;
                 ^
conftest.c:75:15: warning: unused variable 'foo' [-Wunused-variable]
     const int foo = 10;
               ^~~
conftest.c:42:29: warning: unused variable 'zero' [-Wunused-variable]
   static struct point const zero = {0,0};
                             ^~~~
conftest.c:36:17: warning: unused variable 'x' [-Wunused-variable]
   const charset x;
                 ^
At top level:
conftest.c:42:29: warning: 'zero' defined but not used [-Wunused-const-variable=]
   static struct point const zero = {0,0};
                             ^~~~
conftest.c: In function 'main':
conftest.c:57:7: warning: 't' is used uninitialized in this function [-Wuninitialized]
     *t++ = 0;
      ~^~
conftest.c:72:23: warning: 'b' is used uninitialized in this function [-Wuninitialized]
     struct s *b; b->j = 5;
                  ~~~~~^~~
configure:19526: $? = 0
configure:19529: test -z 			 || test ! -s conftest.err
configure:19532: $? = 0
configure:19535: test -s conftest.o
configure:19538: $? = 0
configure:19549: result: yes
configure:19559: checking for inline
configure:19580: gcc -c -Wall  conftest.c >&5
configure:19586: $? = 0
configure:19589: test -z 			 || test ! -s conftest.err
configure:19592: $? = 0
configure:19595: test -s conftest.o
configure:19598: $? = 0
configure:19610: result: inline
configure:19635: checking for ftruncate
configure:19692: gcc -o conftest -Wall   conftest.c  >&5
configure:19698: $? = 0
configure:19701: test -z 			 || test ! -s conftest.err
configure:19704: $? = 0
configure:19707: test -s conftest
configure:19710: $? = 0
configure:19722: result: yes
configure:19734: checking for compress2 in -lz
configure:19764: gcc -o conftest -Wall   conftest.c -lz   >&5
configure:19770: $? = 0
configure:19773: test -z 			 || test ! -s conftest.err
configure:19776: $? = 0
configure:19779: test -s conftest
configure:19782: $? = 0
configure:19795: result: yes
configure:19875: checking whether to enable profiling
configure:19886: result: no
configure:19889: checking whether to enable debugging
configure:19926: result: default
configure:20071: creating ./config.status

## ---------------------- ##
## Running config.status. ##
## ---------------------- ##

This file was extended by ID3 Tag config.status 0.15.1b, which was
generated by GNU Autoconf 2.59.  Invocation command line was

  CONFIG_FILES    = 
  CONFIG_HEADERS  = 
  CONFIG_LINKS    = 
  CONFIG_COMMANDS = 
  $ ./config.status 

on Anime-X555BA

config.status:742: creating Makefile
config.status:742: creating msvc++/Makefile
config.status:742: creating libid3tag.list
config.status:808: creating config.h
config.status:1106: executing depfiles commands

## ---------------- ##
## Cache variables. ##
## ---------------- ##

ac_cv_build=x86_64-unknown-linux-gnu
ac_cv_build_alias=x86_64-unknown-linux-gnu
ac_cv_c_compiler_gnu=yes
ac_cv_c_const=yes
ac_cv_c_inline=inline
ac_cv_cxx_compiler_gnu=yes
ac_cv_env_CC_set=
ac_cv_env_CC_value=
ac_cv_env_CFLAGS_set=
ac_cv_env_CFLAGS_value=
ac_cv_env_CPPFLAGS_set=
ac_cv_env_CPPFLAGS_value=
ac_cv_env_CPP_set=
ac_cv_env_CPP_value=
ac_cv_env_CXXCPP_set=
ac_cv_env_CXXCPP_value=
ac_cv_env_CXXFLAGS_set=
ac_cv_env_CXXFLAGS_value=
ac_cv_env_CXX_set=
ac_cv_env_CXX_value=
ac_cv_env_F77_set=
ac_cv_env_F77_value=
ac_cv_env_FFLAGS_set=
ac_cv_env_FFLAGS_value=
ac_cv_env_LDFLAGS_set=
ac_cv_env_LDFLAGS_value=
ac_cv_env_build_alias_set=
ac_cv_env_build_alias_value=
ac_cv_env_host_alias_set=
ac_cv_env_host_alias_value=
ac_cv_env_target_alias_set=
ac_cv_env_target_alias_value=
ac_cv_exeext=
ac_cv_f77_compiler_gnu=yes
ac_cv_func_ftruncate=yes
ac_cv_header_assert_h=yes
ac_cv_header_dlfcn_h=yes
ac_cv_header_inttypes_h=yes
ac_cv_header_memory_h=yes
ac_cv_header_stdc=yes
ac_cv_header_stdint_h=yes
ac_cv_header_stdlib_h=yes
ac_cv_header_string_h=yes
ac_cv_header_strings_h=yes
ac_cv_header_sys_stat_h=yes
ac_cv_header_sys_types_h=yes
ac_cv_header_unistd_h=yes
ac_cv_header_zlib_h=yes
ac_cv_host=x86_64-unknown-linux-gnu
ac_cv_host_alias=x86_64-unknown-linux-gnu
ac_cv_lib_z_compress2=yes
ac_cv_objext=o
ac_cv_path_install='/usr/bin/install -c'
ac_cv_prog_AWK=mawk
ac_cv_prog_CPP='gcc -E'
ac_cv_prog_CXXCPP='g++ -E'
ac_cv_prog_ac_ct_AR=ar
ac_cv_prog_ac_ct_CC=gcc
ac_cv_prog_ac_ct_CXX=g++
ac_cv_prog_ac_ct_F77=f77
ac_cv_prog_ac_ct_RANLIB=ranlib
ac_cv_prog_ac_ct_STRIP=strip
ac_cv_prog_cc_g=yes
ac_cv_prog_cc_stdc=
ac_cv_prog_cxx_g=yes
ac_cv_prog_egrep='grep -E'
ac_cv_prog_f77_g=yes
ac_cv_prog_make_make_set=yes
am_cv_CC_dependencies_compiler_type=gcc3
am_cv_CXX_dependencies_compiler_type=gcc3
lt_cv_deplibs_check_method=pass_all
lt_cv_file_magic_cmd='$MAGIC_CMD'
lt_cv_file_magic_test_file=
lt_cv_ld_reload_flag=-r
lt_cv_objdir=.libs
lt_cv_path_LD=/usr/bin/ld
lt_cv_path_LDCXX='/usr/bin/ld -m elf_x86_64'
lt_cv_path_NM='/usr/bin/nm -B'
lt_cv_path_SED=/usr/bin/sed
lt_cv_prog_compiler_c_o=yes
lt_cv_prog_compiler_c_o_CXX=yes
lt_cv_prog_compiler_c_o_F77=yes
lt_cv_prog_compiler_rtti_exceptions=no
lt_cv_prog_gnu_ld=yes
lt_cv_prog_gnu_ldcxx=yes
lt_cv_sys_global_symbol_pipe='sed -n -e '\''s/^.*[ 	]\([ABCDGIRSTW][ABCDGIRSTW]*\)[ 	][ 	]*\(\)\([_A-Za-z][_A-Za-z0-9]*\)$/\1 \2\3 \3/p'\'''
lt_cv_sys_global_symbol_to_c_name_address='sed -n -e '\''s/^: \([^ ]*\) $/  {\"\1\", (lt_ptr) 0},/p'\'' -e '\''s/^[BCDEGRST] \([^ ]*\) \([^ ]*\)$/  {"\2", (lt_ptr) \&\2},/p'\'''
lt_cv_sys_global_symbol_to_cdecl='sed -n -e '\''s/^. .* \(.*\)$/extern int \1;/p'\'''
lt_cv_sys_max_cmd_len=32768
lt_lt_cv_prog_compiler_c_o='"yes"'
lt_lt_cv_prog_compiler_c_o_CXX='"yes"'
lt_lt_cv_prog_compiler_c_o_F77='"yes"'
lt_lt_cv_sys_global_symbol_pipe='"sed -n -e '\''s/^.*[ 	]\\([ABCDGIRSTW][ABCDGIRSTW]*\\)[ 	][ 	]*\\(\\)\\([_A-Za-z][_A-Za-z0-9]*\\)\$/\\1 \\2\\3 \\3/p'\''"'
lt_lt_cv_sys_global_symbol_to_c_name_address='"sed -n -e '\''s/^: \\([^ ]*\\) \$/  {\\\"\\1\\\", (lt_ptr) 0},/p'\'' -e '\''s/^[BCDEGRST] \\([^ ]*\\) \\([^ ]*\\)\$/  {\"\\2\", (lt_ptr) \\&\\2},/p'\''"'
lt_lt_cv_sys_global_symbol_to_cdecl='"sed -n -e '\''s/^. .* \\(.*\\)\$/extern int \\1;/p'\''"'

## ----------------- ##
## Output variables. ##
## ----------------- ##

ACLOCAL='${SHELL} /home/brothercomplex/AndroidStudioProjects/CCodeTesting/app/src/main/cpp/libwaveform/audiowaveform/src/wrappers/libid3tag-0.15.1b/missing --run aclocal-1.8'
AMDEPBACKSLASH='\'
AMDEP_FALSE='#'
AMDEP_TRUE=''
AMTAR='${SHELL} /home/brothercomplex/AndroidStudioProjects/CCodeTesting/app/src/main/cpp/libwaveform/audiowaveform/src/wrappers/libid3tag-0.15.1b/missing --run tar'
AR='ar'
AUTOCONF='${SHELL} /home/brothercomplex/AndroidStudioProjects/CCodeTesting/app/src/main/cpp/libwaveform/audiowaveform/src/wrappers/libid3tag-0.15.1b/missing --run autoconf'
AUTOHEADER='${SHELL} /home/brothercomplex/AndroidStudioProjects/CCodeTesting/app/src/main/cpp/libwaveform/audiowaveform/src/wrappers/libid3tag-0.15.1b/missing --run autoheader'
AUTOMAKE='${SHELL} /home/brothercomplex/AndroidStudioProjects/CCodeTesting/app/src/main/cpp/libwaveform/audiowaveform/src/wrappers/libid3tag-0.15.1b/missing --run automake-1.8'
AWK='mawk'
CC='gcc'
CCDEPMODE='depmode=gcc3'
CFLAGS='-Wall -g -O2'
CPP='gcc -E'
CPPFLAGS=''
CXX='g++'
CXXCPP='g++ -E'
CXXDEPMODE='depmode=gcc3'
CXXFLAGS='-g -O2'
CYGPATH_W='echo'
DEBUG_FALSE=''
DEBUG_TRUE='#'
DEFS='-DHAVE_CONFIG_H'
DEPDIR='.deps'
ECHO='echo'
ECHO_C=''
ECHO_N='-n'
ECHO_T=''
EGREP='grep -E'
EXEEXT=''
F77='f77'
FFLAGS='-g -O2'
INSTALL_DATA='${INSTALL} -m 644'
INSTALL_PROGRAM='${INSTALL}'
INSTALL_SCRIPT='${INSTALL}'
INSTALL_STRIP_PROGRAM='${SHELL} $(install_sh) -c -s'
LDFLAGS=''
LIBOBJS=''
LIBS='-lz '
LIBTOOL='$(SHELL) $(top_builddir)/libtool'
LIBTOOL_DEPS='./ltmain.sh'
LN_S='ln -s'
LTLIBOBJS=''
MAKEINFO='${SHELL} /home/brothercomplex/AndroidStudioProjects/CCodeTesting/app/src/main/cpp/libwaveform/audiowaveform/src/wrappers/libid3tag-0.15.1b/missing --run makeinfo'
OBJEXT='o'
PACKAGE='libid3tag'
PACKAGE_BUGREPORT='support@underbit.com'
PACKAGE_NAME='ID3 Tag'
PACKAGE_STRING='ID3 Tag 0.15.1b'
PACKAGE_TARNAME='libid3tag'
PACKAGE_VERSION='0.15.1b'
PATH_SEPARATOR=':'
RANLIB='ranlib'
SET_MAKE=''
SHELL='/bin/bash'
STRIP='strip'
VERSION='0.15.1b'
ac_ct_AR='ar'
ac_ct_CC='gcc'
ac_ct_CXX='g++'
ac_ct_F77='f77'
ac_ct_RANLIB='ranlib'
ac_ct_STRIP='strip'
am__fastdepCC_FALSE='#'
am__fastdepCC_TRUE=''
am__fastdepCXX_FALSE='#'
am__fastdepCXX_TRUE=''
am__include='include'
am__leading_dot='.'
am__quote=''
bindir='${exec_prefix}/bin'
build='x86_64-unknown-linux-gnu'
build_alias=''
build_cpu='x86_64'
build_os='linux-gnu'
build_vendor='unknown'
datadir='${prefix}/share'
exec_prefix='${prefix}'
host='x86_64-unknown-linux-gnu'
host_alias=''
host_cpu='x86_64'
host_os='linux-gnu'
host_vendor='unknown'
includedir='${prefix}/include'
infodir='${prefix}/info'
install_sh='/home/brothercomplex/AndroidStudioProjects/CCodeTesting/app/src/main/cpp/libwaveform/audiowaveform/src/wrappers/libid3tag-0.15.1b/install-sh'
libdir='${exec_prefix}/lib'
libexecdir='${exec_prefix}/libexec'
localstatedir='${prefix}/var'
mandir='${prefix}/man'
mkdir_p='mkdir -p -- .'
oldincludedir='/usr/include'
prefix='/usr/local'
program_transform_name='s,x,x,'
sbindir='${exec_prefix}/sbin'
sharedstatedir='${prefix}/com'
sysconfdir='${prefix}/etc'
target_alias=''

## ----------- ##
## confdefs.h. ##
## ----------- ##

#define HAVE_ASSERT_H 1
#define HAVE_DLFCN_H 1
#define HAVE_FTRUNCATE 1
#define HAVE_INTTYPES_H 1
#define HAVE_LIBZ 1
#define HAVE_MEMORY_H 1
#define HAVE_STDINT_H 1
#define HAVE_STDLIB_H 1
#define HAVE_STRINGS_H 1
#define HAVE_STRING_H 1
#define HAVE_SYS_STAT_H 1
#define HAVE_SYS_TYPES_H 1
#define HAVE_UNISTD_H 1
#define HAVE_UNISTD_H 1
#define PACKAGE "libid3tag"
#define PACKAGE_BUGREPORT "support@underbit.com"
#define PACKAGE_NAME "ID3 Tag"
#define PACKAGE_STRING "ID3 Tag 0.15.1b"
#define PACKAGE_TARNAME "libid3tag"
#define PACKAGE_VERSION "0.15.1b"
#define STDC_HEADERS 1
#define STDC_HEADERS 1
#define VERSION "0.15.1b"
#endif
#ifdef __cplusplus
extern "C" void std::exit (int) throw (); using std::exit;

configure: exit 0
